0 0 4.61001443862915
0 1 4.609542369842529
0 2 4.6059675216674805
0 3 4.605053901672363
0 4 4.610751628875732
0 5 4.606220245361328
0 6 4.603005409240723
0 7 4.609724521636963
0 8 4.605240821838379
0 9 4.602359294891357
0 10 4.608269691467285
0 11 4.6055192947387695
0 12 4.608194828033447
0 13 4.604691028594971
0 14 4.6024956703186035
0 15 4.60218620300293
0 16 4.6084065437316895
0 17 4.605807781219482
0 18 4.606593608856201
0 19 4.603262901306152
0 20 4.603247165679932
0 21 4.607358932495117
0 22 4.606354713439941
0 23 4.60188627243042
0 24 4.604689598083496
0 25 4.6043877601623535
0 26 4.6047797203063965
0 27 4.602872848510742
0 28 4.588665962219238
0 29 4.594290733337402
0 30 4.593371868133545
0 31 4.581732749938965
0 32 4.58436393737793
0 33 4.562780857086182
0 34 4.586694717407227
0 35 4.565929412841797
0 36 4.562959671020508
0 37 4.564349174499512
0 38 4.566824436187744
0 39 4.552188873291016
0 40 4.560461521148682
0 41 4.6000823974609375
0 42 4.541281700134277
0 43 4.548081874847412
0 44 4.5327534675598145
0 45 4.5166192054748535
0 46 4.5262980461120605
0 47 4.448035717010498
0 48 4.5166425704956055
0 49 4.4963908195495605
0 50 4.4953227043151855
0 51 4.5021209716796875
0 52 4.475494861602783
0 53 4.46604585647583
0 54 4.459552764892578
0 55 4.439572334289551
0 56 4.485291481018066
0 57 4.443404674530029
0 58 4.426761627197266
0 59 4.490136623382568
0 60 4.444851875305176
0 61 4.410567760467529
0 62 4.415733814239502
0 63 4.356929302215576
0 64 4.397406578063965
0 65 4.426265716552734
0 66 4.414978504180908
0 67 4.3714823722839355
0 68 4.415801525115967
0 69 4.3925323486328125
0 70 4.356606483459473
0 71 4.364992141723633
0 72 4.367311954498291
0 73 4.339587211608887
0 74 4.337526798248291
0 75 4.337315559387207
0 76 4.297983169555664
0 77 4.2520952224731445
0 78 4.363913536071777
0 79 4.334216117858887
0 80 4.421776294708252
0 81 4.343998908996582
0 82 4.294768810272217
0 83 4.320019245147705
0 84 4.2799906730651855
0 85 4.362123012542725
0 86 4.437793731689453
0 87 4.37932825088501
0 88 4.348278045654297
0 89 4.38059139251709
0 90 4.290249824523926
0 91 4.269924640655518
0 92 4.268797397613525
0 93 4.229086399078369
0 94 4.317147731781006
0 95 4.3056111335754395
0 96 4.305904865264893
0 97 4.280529975891113
0 98 4.288538932800293
0 99 4.283066272735596
0 100 4.33358907699585
0 101 4.296777248382568
0 102 4.331109523773193
0 103 4.317385673522949
0 104 4.273922920227051
0 105 4.19739294052124
0 106 4.288466930389404
0 107 4.268852710723877
0 108 4.217350006103516
0 109 4.253140926361084
0 110 4.278287887573242
0 111 4.202010154724121
0 112 4.1974029541015625
0 113 4.311514377593994
0 114 4.234229564666748
0 115 4.248098373413086
0 116 4.351716995239258
0 117 4.232173919677734
0 118 4.237505912780762
0 119 4.222136974334717
0 120 4.204081058502197
0 121 4.188328742980957
0 122 4.254182815551758
0 123 4.248898029327393
0 124 4.176596641540527
0 125 4.259610652923584
0 126 4.248947620391846
0 127 4.200523853302002
0 128 4.2026686668396
0 129 4.155651092529297
0 130 4.141600131988525
0 131 4.210306167602539
0 132 4.151044845581055
0 133 4.215895652770996
0 134 4.177273750305176
0 135 4.247954845428467
0 136 4.318480968475342
0 137 4.108285427093506
0 138 4.196949481964111
0 139 4.199756622314453
0 140 4.1700215339660645
0 141 4.279851913452148
0 142 4.176254749298096
0 143 4.122758388519287
0 144 4.203622817993164
0 145 4.145900249481201
0 146 4.113434314727783
0 147 4.127010822296143
0 148 4.131290912628174
0 149 4.124719619750977
0 150 4.087502956390381
0 151 4.174091815948486
0 152 4.175619602203369
0 153 4.032636642456055
0 154 4.123607158660889
0 155 4.164981842041016
0 156 4.063633918762207
0 157 4.147851467132568
0 158 4.1381378173828125
0 159 4.067648887634277
0 160 4.147803783416748
0 161 4.128698825836182
0 162 4.142887115478516
0 163 4.116544723510742
0 164 4.024916172027588
0 165 4.14828634262085
0 166 4.169167995452881
0 167 4.059479713439941
0 168 4.125705718994141
0 169 4.148508071899414
0 170 4.059014320373535
0 171 4.143906116485596
0 172 4.1068806648254395
0 173 4.221988677978516
0 174 4.131533622741699
0 175 4.019284725189209
0 176 4.039138317108154
0 177 4.064606189727783
0 178 4.017566204071045
0 179 4.006044387817383
0 180 4.022802352905273
0 181 4.041372776031494
0 182 4.059001922607422
0 183 4.085031509399414
0 184 4.01934814453125
0 185 4.026491165161133
0 186 4.0949015617370605
0 187 4.016339302062988
0 188 3.999032974243164
0 189 4.1275739669799805
0 190 4.0640177726745605
0 191 4.103163242340088
0 192 4.002700328826904
0 193 4.09258508682251
0 194 4.002553939819336
0 195 4.059361457824707
1 0 3.9274890422821045
1 1 4.092878341674805
1 2 4.082177639007568
1 3 3.9705562591552734
1 4 3.9416189193725586
1 5 4.01707124710083
1 6 4.097924709320068
1 7 4.039390563964844
1 8 3.882415294647217
1 9 3.955958843231201
1 10 3.948638439178467
1 11 4.013619899749756
1 12 3.9977285861968994
1 13 4.0026092529296875
1 14 3.929778575897217
1 15 4.01116943359375
1 16 3.831402063369751
1 17 4.055750846862793
1 18 3.9723005294799805
1 19 3.8712735176086426
1 20 4.081758975982666
1 21 3.956857204437256
1 22 3.9833333492279053
1 23 3.9562106132507324
1 24 4.087320327758789
1 25 3.9812800884246826
1 26 4.007244110107422
1 27 3.857074737548828
1 28 4.060433387756348
1 29 3.9622857570648193
1 30 4.044788360595703
1 31 3.961695909500122
1 32 3.929495096206665
1 33 3.948857069015503
1 34 3.9425485134124756
1 35 3.9805920124053955
1 36 3.970127582550049
1 37 3.966465711593628
1 38 3.9288034439086914
1 39 4.036746501922607
1 40 3.9593241214752197
1 41 3.9754130840301514
1 42 3.9973485469818115
1 43 3.9215292930603027
1 44 3.905118942260742
1 45 3.9622244834899902
1 46 4.001271724700928
1 47 3.836337089538574
1 48 3.9147329330444336
1 49 3.8929390907287598
1 50 3.8918418884277344
1 51 3.8499269485473633
1 52 3.9492666721343994
1 53 3.969710350036621
1 54 3.8678336143493652
1 55 3.9231719970703125
1 56 4.012580871582031
1 57 3.8745105266571045
1 58 3.8797996044158936
1 59 3.9912047386169434
1 60 3.8092546463012695
1 61 3.9308369159698486
1 62 3.883781671524048
1 63 3.7972233295440674
1 64 3.9327640533447266
1 65 3.9358413219451904
1 66 3.9897353649139404
1 67 4.017826557159424
1 68 3.906367301940918
1 69 3.947983741760254
1 70 3.8749780654907227
1 71 3.9063966274261475
1 72 3.9669792652130127
1 73 3.9947001934051514
1 74 3.8380188941955566
1 75 3.8752853870391846
1 76 3.846126079559326
1 77 3.9243133068084717
1 78 3.769968271255493
1 79 3.9245405197143555
1 80 3.977936029434204
1 81 3.898507833480835
1 82 4.05851936340332
1 83 3.921121597290039
1 84 3.938823699951172
1 85 3.9559690952301025
1 86 3.8796167373657227
1 87 3.9440324306488037
1 88 3.8667750358581543
1 89 3.86160945892334
1 90 3.941831588745117
1 91 3.922913074493408
1 92 3.886904716491699
1 93 3.9537153244018555
1 94 3.816000461578369
1 95 3.862037420272827
1 96 3.8823487758636475
1 97 3.9354686737060547
1 98 3.871227979660034
1 99 3.8101677894592285
1 100 3.9243016242980957
1 101 3.7731974124908447
1 102 3.86936616897583
1 103 3.868997097015381
1 104 3.819746971130371
1 105 3.8810760974884033
1 106 3.8623452186584473
1 107 4.008906841278076
1 108 3.900935649871826
1 109 3.900373697280884
1 110 3.7388365268707275
1 111 3.7592830657958984
1 112 3.7871015071868896
1 113 3.776448965072632
1 114 3.840575933456421
1 115 3.879534959793091
1 116 3.833970546722412
1 117 3.8514132499694824
1 118 3.893306255340576
1 119 3.718722105026245
1 120 3.8411364555358887
1 121 3.9202630519866943
1 122 3.8572213649749756
1 123 3.729102373123169
1 124 3.7634665966033936
1 125 3.801754951477051
1 126 3.837411403656006
1 127 3.749074697494507
1 128 3.8948147296905518
1 129 3.9477956295013428
1 130 3.880039691925049
1 131 3.846233367919922
1 132 3.8934853076934814
1 133 3.8005988597869873
1 134 3.7117860317230225
1 135 3.842190980911255
1 136 3.8734774589538574
1 137 3.8375768661499023
1 138 3.800823926925659
1 139 3.7936267852783203
1 140 3.695556879043579
1 141 3.665215253829956
1 142 3.8205885887145996
1 143 3.842176914215088
1 144 3.8708224296569824
1 145 3.913128614425659
1 146 3.907808542251587
1 147 3.805335760116577
1 148 3.8234245777130127
1 149 3.699619770050049
1 150 3.9545886516571045
1 151 3.8499350547790527
1 152 3.833495616912842
1 153 3.7680304050445557
1 154 3.7187154293060303
1 155 3.8789150714874268
1 156 3.8846397399902344
1 157 3.810880661010742
1 158 3.7326767444610596
1 159 3.7734904289245605
1 160 3.921778678894043
1 161 3.894300937652588
1 162 3.8991446495056152
1 163 3.9128665924072266
1 164 3.8833768367767334
1 165 3.8076584339141846
1 166 3.7997803688049316
1 167 3.725656270980835
1 168 3.745481014251709
1 169 3.732424259185791
1 170 3.8603694438934326
1 171 3.7666072845458984
1 172 3.865115165710449
1 173 3.8441617488861084
1 174 3.697925090789795
1 175 3.7093451023101807
1 176 3.8878886699676514
1 177 3.779862880706787
1 178 3.7963690757751465
1 179 3.827543020248413
1 180 3.714167356491089
1 181 3.7713334560394287
1 182 3.7159857749938965
1 183 3.841209888458252
1 184 3.7955119609832764
1 185 3.73516583442688
1 186 3.741774320602417
1 187 3.860978841781616
1 188 3.798138380050659
1 189 3.7046594619750977
1 190 3.7905077934265137
1 191 3.758903741836548
1 192 3.80232834815979
1 193 3.7268924713134766
1 194 3.789159059524536
1 195 3.5579676628112793
2 0 3.7389419078826904
2 1 3.7375926971435547
2 2 3.906792402267456
2 3 3.868502378463745
2 4 3.7483134269714355
2 5 3.7009706497192383
2 6 3.8056087493896484
2 7 3.698094606399536
2 8 3.8273444175720215
2 9 3.813575267791748
2 10 3.8105075359344482
2 11 3.872776508331299
2 12 3.5938687324523926
2 13 3.5334842205047607
2 14 3.7049548625946045
2 15 3.5979502201080322
2 16 3.7242980003356934
2 17 3.643918037414551
2 18 3.7120676040649414
2 19 3.7634592056274414
2 20 3.6961567401885986
2 21 3.691324234008789
2 22 3.5726983547210693
2 23 3.6629719734191895
2 24 3.663325309753418
2 25 3.597107172012329
2 26 3.696380615234375
2 27 3.7342164516448975
2 28 3.624807596206665
2 29 3.6470704078674316
2 30 3.6738133430480957
2 31 3.554056167602539
2 32 3.750197172164917
2 33 3.8310983180999756
2 34 3.81536602973938
2 35 3.6340479850769043
2 36 3.600187301635742
2 37 3.7708165645599365
2 38 3.684123992919922
2 39 3.651441812515259
2 40 3.8536393642425537
2 41 3.801921844482422
2 42 3.6864302158355713
2 43 3.717726707458496
2 44 3.618924617767334
2 45 3.656311273574829
2 46 3.624448299407959
2 47 3.7233641147613525
2 48 3.6765658855438232
2 49 3.659611701965332
2 50 3.538907766342163
2 51 3.7095701694488525
2 52 3.691939115524292
2 53 3.741192579269409
2 54 3.6003310680389404
2 55 3.6435706615448
2 56 3.7436163425445557
2 57 3.705108165740967
2 58 3.6713039875030518
2 59 3.740795612335205
2 60 3.6435189247131348
2 61 3.543149709701538
2 62 3.737741231918335
2 63 3.63704252243042
2 64 3.7284765243530273
2 65 3.5319409370422363
2 66 3.5557775497436523
2 67 3.699969530105591
2 68 3.7765536308288574
2 69 3.6484320163726807
2 70 3.6007936000823975
2 71 3.5707345008850098
2 72 3.766709566116333
2 73 3.6208877563476562
2 74 3.705371379852295
2 75 3.5879204273223877
2 76 3.501126289367676
2 77 3.5782105922698975
2 78 3.5599749088287354
2 79 3.6362688541412354
2 80 3.7106430530548096
2 81 3.6678919792175293
2 82 3.7799184322357178
2 83 3.5574512481689453
2 84 3.7273731231689453
2 85 3.6087148189544678
2 86 3.4681801795959473
2 87 3.4700257778167725
2 88 3.659841299057007
2 89 3.7330896854400635
2 90 3.6585779190063477
2 91 3.5946173667907715
2 92 3.708672046661377
2 93 3.6263582706451416
2 94 3.5329596996307373
2 95 3.7350101470947266
2 96 3.662182569503784
2 97 3.580214738845825
2 98 3.7160122394561768
2 99 3.6840810775756836
2 100 3.621058940887451
2 101 3.691856861114502
2 102 3.738945245742798
2 103 3.615510940551758
2 104 3.567107677459717
2 105 3.592524528503418
2 106 3.527669668197632
2 107 3.615450620651245
2 108 3.4723854064941406
2 109 3.641082763671875
2 110 3.5425922870635986
2 111 3.7109289169311523
2 112 3.565932273864746
2 113 3.539721727371216
2 114 3.6283650398254395
2 115 3.5692954063415527
2 116 3.5003089904785156
2 117 3.5816152095794678
2 118 3.602839231491089
2 119 3.5713605880737305
2 120 3.5124638080596924
2 121 3.6262407302856445
2 122 3.673013687133789
2 123 3.538379669189453
2 124 3.6435301303863525
2 125 3.6380062103271484
2 126 3.666334390640259
2 127 3.6504452228546143
2 128 3.5536255836486816
2 129 3.7158446311950684
2 130 3.664041519165039
2 131 3.687807083129883
2 132 3.5560269355773926
2 133 3.57367205619812
2 134 3.670154571533203
2 135 3.601172685623169
2 136 3.5848617553710938
2 137 3.630970001220703
2 138 3.734863758087158
2 139 3.5418081283569336
2 140 3.560403347015381
2 141 3.5781848430633545
2 142 3.709857702255249
2 143 3.6316840648651123
2 144 3.63114070892334
2 145 3.637969493865967
2 146 3.4613842964172363
2 147 3.5626392364501953
2 148 3.440412998199463
2 149 3.6934733390808105
2 150 3.443603038787842
2 151 3.5590507984161377
2 152 3.4557435512542725
2 153 3.528398275375366
2 154 3.519610643386841
2 155 3.7491719722747803
2 156 3.6765875816345215
2 157 3.5950515270233154
2 158 3.58408260345459
2 159 3.5998175144195557
2 160 3.4959278106689453
2 161 3.4819023609161377
2 162 3.586667060852051
2 163 3.6067116260528564
2 164 3.516517162322998
2 165 3.460672616958618
2 166 3.513211965560913
2 167 3.437957763671875
2 168 3.5090253353118896
2 169 3.549358606338501
2 170 3.5333030223846436
2 171 3.4837419986724854
2 172 3.539259672164917
2 173 3.5817785263061523
2 174 3.3203165531158447
2 175 3.477679491043091
2 176 3.471992254257202
2 177 3.4790117740631104
2 178 3.636909008026123
2 179 3.4991254806518555
2 180 3.5290563106536865
2 181 3.632659435272217
2 182 3.5214195251464844
2 183 3.4792864322662354
2 184 3.494976758956909
2 185 3.601041078567505
2 186 3.418745756149292
2 187 3.5351955890655518
2 188 3.4426443576812744
2 189 3.6387264728546143
2 190 3.441023349761963
2 191 3.605665445327759
2 192 3.478529691696167
2 193 3.6695430278778076
2 194 3.634521245956421
2 195 3.376060962677002
3 0 3.627870559692383
3 1 3.503571033477783
3 2 3.414365291595459
3 3 3.643842935562134
3 4 3.5476419925689697
3 5 3.3394031524658203
3 6 3.65395450592041
3 7 3.4511098861694336
3 8 3.5504770278930664
3 9 3.5293447971343994
3 10 3.458963632583618
3 11 3.5026259422302246
3 12 3.395613670349121
3 13 3.5543057918548584
3 14 3.4750473499298096
3 15 3.519524574279785
3 16 3.4798531532287598
3 17 3.5285305976867676
3 18 3.521310329437256
3 19 3.536210536956787
3 20 3.4444189071655273
3 21 3.6647212505340576
3 22 3.400376558303833
3 23 3.554492712020874
3 24 3.49807071685791
3 25 3.5417728424072266
3 26 3.4431049823760986
3 27 3.558532238006592
3 28 3.5072975158691406
3 29 3.5553343296051025
3 30 3.410529851913452
3 31 3.624533176422119
3 32 3.4246582984924316
3 33 3.521071195602417
3 34 3.471414804458618
3 35 3.4877030849456787
3 36 3.4864602088928223
3 37 3.524287223815918
3 38 3.3842248916625977
3 39 3.4391446113586426
3 40 3.529846429824829
3 41 3.4123458862304688
3 42 3.412771463394165
3 43 3.371647596359253
3 44 3.572845935821533
3 45 3.559122085571289
3 46 3.5027880668640137
3 47 3.5115745067596436
3 48 3.484121561050415
3 49 3.3574230670928955
3 50 3.5257198810577393
3 51 3.4275379180908203
3 52 3.5995211601257324
3 53 3.5117275714874268
3 54 3.6174042224884033
3 55 3.3268260955810547
3 56 3.3957438468933105
3 57 3.595552444458008
3 58 3.4902563095092773
3 59 3.4676520824432373
3 60 3.5767321586608887
3 61 3.5000922679901123
3 62 3.51420259475708
3 63 3.417774200439453
3 64 3.468146800994873
3 65 3.351046562194824
3 66 3.348757743835449
3 67 3.5010571479797363
3 68 3.5034613609313965
3 69 3.4535582065582275
3 70 3.4879629611968994
3 71 3.438736915588379
3 72 3.448657274246216
3 73 3.551436185836792
3 74 3.535222053527832
3 75 3.4931395053863525
3 76 3.5445754528045654
3 77 3.362929105758667
3 78 3.3654263019561768
3 79 3.4203999042510986
3 80 3.5525779724121094
3 81 3.490574836730957
3 82 3.3215761184692383
3 83 3.407688617706299
3 84 3.520296096801758
3 85 3.5427534580230713
3 86 3.426708936691284
3 87 3.421051502227783
3 88 3.2071075439453125
3 89 3.5495247840881348
3 90 3.4457576274871826
3 91 3.384075880050659
3 92 3.484152317047119
3 93 3.388387441635132
3 94 3.6000163555145264
3 95 3.52073073387146
3 96 3.424454689025879
3 97 3.424351453781128
3 98 3.380091428756714
3 99 3.4786858558654785
3 100 3.3151915073394775
3 101 3.4370927810668945
3 102 3.3622994422912598
3 103 3.5670979022979736
3 104 3.245623826980591
3 105 3.223323345184326
3 106 3.2338762283325195
3 107 3.4554014205932617
3 108 3.4314911365509033
3 109 3.431155204772949
3 110 3.3863930702209473
3 111 3.3430590629577637
3 112 3.4249508380889893
3 113 3.3189563751220703
3 114 3.361494302749634
3 115 3.2716994285583496
3 116 3.410059690475464
3 117 3.4258549213409424
3 118 3.266693115234375
3 119 3.506706953048706
3 120 3.432103395462036
3 121 3.3373947143554688
3 122 3.429689645767212
3 123 3.2591702938079834
3 124 3.4324123859405518
3 125 3.3132853507995605
3 126 3.2787680625915527
3 127 3.4811079502105713
3 128 3.3429617881774902
3 129 3.330626964569092
3 130 3.4882283210754395
3 131 3.3530941009521484
3 132 3.507276773452759
3 133 3.1869802474975586
3 134 3.293863534927368
3 135 3.3768374919891357
3 136 3.4845612049102783
3 137 3.417365312576294
3 138 3.433316230773926
3 139 3.4495222568511963
3 140 3.3797993659973145
3 141 3.3767318725585938
3 142 3.1819725036621094
3 143 3.472565174102783
3 144 3.328528642654419
3 145 3.378767967224121
3 146 3.395380973815918
3 147 3.3920440673828125
3 148 3.4734561443328857
3 149 3.381789445877075
3 150 3.2945070266723633
3 151 3.349626064300537
3 152 3.3420472145080566
3 153 3.3238964080810547
3 154 3.3250083923339844
3 155 3.3275904655456543
3 156 3.407993793487549
3 157 3.2207634449005127
3 158 3.3568897247314453
3 159 3.3111073970794678
3 160 3.39311146736145
3 161 3.283658981323242
3 162 3.313565969467163
3 163 3.2804501056671143
3 164 3.4237327575683594
3 165 3.1878252029418945
3 166 3.3697619438171387
3 167 3.3044698238372803
3 168 3.3302652835845947
3 169 3.3582522869110107
3 170 3.329244613647461
3 171 3.285412311553955
3 172 3.388261079788208
3 173 3.428652763366699
3 174 3.306687831878662
3 175 3.243258476257324
3 176 3.098870277404785
3 177 3.326404094696045
3 178 3.4375476837158203
3 179 3.2987847328186035
3 180 3.3763768672943115
3 181 3.4054412841796875
3 182 3.3290772438049316
3 183 3.318060874938965
3 184 3.2918334007263184
3 185 3.233076333999634
3 186 3.248591423034668
3 187 3.408857583999634
3 188 3.332575559616089
3 189 3.3445420265197754
3 190 3.4453327655792236
3 191 3.441627025604248
3 192 3.4205520153045654
3 193 3.383517026901245
3 194 3.1729772090911865
3 195 3.2595057487487793
4 0 3.367870807647705
4 1 3.377624988555908
4 2 3.2321372032165527
4 3 3.1204285621643066
4 4 3.436062812805176
4 5 3.2516541481018066
4 6 3.1847431659698486
4 7 3.2056283950805664
4 8 3.248783826828003
4 9 3.283153772354126
4 10 3.2585840225219727
4 11 3.3579013347625732
4 12 3.1987032890319824
4 13 3.324162006378174
4 14 3.253448724746704
4 15 3.359039306640625
4 16 3.3853373527526855
4 17 3.282925844192505
4 18 3.1897966861724854
4 19 3.3383681774139404
4 20 3.2832114696502686
4 21 3.122394561767578
4 22 3.3467445373535156
4 23 3.297091484069824
4 24 3.168704032897949
4 25 3.374445676803589
4 26 3.116913318634033
4 27 3.3085131645202637
4 28 3.265465497970581
4 29 3.1448276042938232
4 30 3.2044239044189453
4 31 3.318056583404541
4 32 3.3333277702331543
4 33 3.296496868133545
4 34 3.0799612998962402
4 35 3.142740488052368
4 36 3.2803761959075928
4 37 3.310164451599121
4 38 3.2183618545532227
4 39 3.2282636165618896
4 40 3.3257482051849365
4 41 3.292978048324585
4 42 3.0785903930664062
4 43 3.2634124755859375
4 44 3.1713550090789795
4 45 3.279345750808716
4 46 3.3400893211364746
4 47 3.386157274246216
4 48 3.2391738891601562
4 49 3.294739007949829
4 50 3.35843825340271
4 51 3.284447431564331
4 52 3.1642653942108154
4 53 3.2661006450653076
4 54 3.2510600090026855
4 55 3.135380744934082
4 56 3.2911489009857178
4 57 3.2574875354766846
4 58 3.241422414779663
4 59 3.27245831489563
4 60 3.1110427379608154
4 61 3.3291242122650146
4 62 3.16123366355896
4 63 3.111191987991333
4 64 3.31689715385437
4 65 3.241426467895508
4 66 3.281844139099121
4 67 3.2302896976470947
4 68 3.09102463722229
4 69 3.18206787109375
4 70 3.283693313598633
4 71 3.189683198928833
4 72 3.327550172805786
4 73 3.238826036453247
4 74 3.284210205078125
4 75 3.3311045169830322
4 76 3.3595752716064453
4 77 3.2432923316955566
4 78 3.246185541152954
4 79 3.3293864727020264
4 80 3.303574562072754
4 81 3.2623934745788574
4 82 3.302395820617676
4 83 3.0237765312194824
4 84 3.4001247882843018
4 85 3.3446881771087646
4 86 3.360276937484741
4 87 3.183575391769409
4 88 3.417001485824585
4 89 3.3225903511047363
4 90 3.3079185485839844
4 91 3.1127028465270996
4 92 3.2038936614990234
4 93 3.2121052742004395
4 94 3.447298288345337
4 95 3.2079532146453857
4 96 3.229701519012451
4 97 3.1576898097991943
4 98 3.3398380279541016
4 99 3.298011302947998
4 100 3.1482176780700684
4 101 3.217535972595215
4 102 3.2997896671295166
4 103 3.286189556121826
4 104 3.081815004348755
4 105 3.3821768760681152
4 106 3.203752279281616
4 107 3.1089072227478027
4 108 3.3704750537872314
4 109 3.1155378818511963
4 110 3.2586019039154053
4 111 3.4250662326812744
4 112 3.1937317848205566
4 113 3.2572154998779297
4 114 3.2354483604431152
4 115 3.2225379943847656
4 116 3.136625051498413
4 117 3.209017753601074
4 118 3.329677104949951
4 119 3.122560739517212
4 120 3.212459087371826
4 121 3.2846434116363525
4 122 3.1835947036743164
4 123 3.2764360904693604
4 124 3.2431600093841553
4 125 3.1560137271881104
4 126 3.164888858795166
4 127 3.2694506645202637
4 128 3.227229595184326
4 129 3.2593588829040527
4 130 3.2386341094970703
4 131 3.236520290374756
4 132 3.06400990486145
4 133 3.2501463890075684
4 134 3.2035913467407227
4 135 3.2988181114196777
4 136 3.141367197036743
4 137 3.048125982284546
4 138 3.0505318641662598
4 139 3.2527966499328613
4 140 3.386061906814575
4 141 2.9539239406585693
4 142 3.2657577991485596
4 143 3.2014858722686768
4 144 3.266685724258423
4 145 3.1083202362060547
4 146 3.228807210922241
4 147 3.2017245292663574
4 148 3.264410972595215
4 149 3.3748085498809814
4 150 3.3045146465301514
4 151 3.3016676902770996
4 152 3.105344772338867
4 153 3.1831114292144775
4 154 3.2067248821258545
4 155 3.131415605545044
4 156 3.2774484157562256
4 157 3.1068477630615234
4 158 3.154369592666626
4 159 3.2280197143554688
4 160 3.239424705505371
4 161 3.1759226322174072
4 162 3.0882458686828613
4 163 3.0364344120025635
4 164 3.148216485977173
4 165 3.2445459365844727
4 166 3.214325428009033
4 167 3.031031847000122
4 168 3.1251742839813232
4 169 3.226221799850464
4 170 3.1078336238861084
4 171 3.1048662662506104
4 172 3.079026460647583
4 173 3.194371223449707
4 174 3.0771243572235107
4 175 3.157637596130371
4 176 3.193018913269043
4 177 3.2450311183929443
4 178 3.2842984199523926
4 179 3.1387996673583984
4 180 3.266671895980835
4 181 3.060258388519287
4 182 3.1689391136169434
4 183 3.020375967025757
4 184 3.3430418968200684
4 185 3.303820848464966
4 186 3.074847936630249
4 187 3.2227892875671387
4 188 3.2795183658599854
4 189 3.033106565475464
4 190 3.2142515182495117
4 191 3.180535078048706
4 192 3.2496497631073
4 193 3.136176109313965
4 194 3.055558919906616
4 195 3.1270675659179688
5 0 2.9737017154693604
5 1 3.107595920562744
5 2 3.198765993118286
5 3 3.2842509746551514
5 4 3.0960896015167236
5 5 3.2123467922210693
5 6 3.0798182487487793
5 7 3.1330299377441406
5 8 3.126159429550171
5 9 3.1000478267669678
5 10 3.2194066047668457
5 11 3.2306137084960938
5 12 3.1983983516693115
5 13 3.219374895095825
5 14 3.1860907077789307
5 15 2.981051206588745
5 16 3.320317268371582
5 17 2.992370843887329
5 18 3.3222415447235107
5 19 3.0417604446411133
5 20 2.947028160095215
5 21 3.0300421714782715
5 22 3.0190436840057373
5 23 3.040482997894287
5 24 2.8342933654785156
5 25 3.221203327178955
5 26 3.0782411098480225
5 27 3.1447367668151855
5 28 3.1758248805999756
5 29 3.1343934535980225
5 30 3.0625813007354736
5 31 3.045506000518799
5 32 3.0846731662750244
5 33 3.0235297679901123
5 34 3.1265668869018555
5 35 3.115792751312256
5 36 2.9711995124816895
5 37 3.169121503829956
5 38 3.3117387294769287
5 39 3.1207845211029053
5 40 2.9628727436065674
5 41 3.321601629257202
5 42 3.1867358684539795
5 43 3.179265260696411
5 44 3.0914857387542725
5 45 3.069309949874878
5 46 3.130152702331543
5 47 3.1328818798065186
5 48 3.008380174636841
5 49 3.046445369720459
5 50 3.0936264991760254
5 51 3.0371062755584717
5 52 2.993381977081299
5 53 3.0734636783599854
5 54 3.025090217590332
5 55 3.2372307777404785
5 56 3.089339256286621
5 57 3.09735107421875
5 58 3.120225667953491
5 59 3.2230260372161865
5 60 3.1174139976501465
5 61 3.140317678451538
5 62 2.9180197715759277
5 63 2.9740304946899414
5 64 3.0831220149993896
5 65 3.0936105251312256
5 66 2.8397865295410156
5 67 3.101191282272339
5 68 2.946392774581909
5 69 3.066786050796509
5 70 3.056513786315918
5 71 2.980341911315918
5 72 3.231123924255371
5 73 2.952812433242798
5 74 3.1133065223693848
5 75 3.0887393951416016
5 76 3.0984599590301514
5 77 3.1942460536956787
5 78 3.0864439010620117
5 79 2.983813762664795
5 80 3.0144834518432617
5 81 2.985231637954712
5 82 2.9867990016937256
5 83 3.0883278846740723
5 84 3.064030885696411
5 85 3.0460798740386963
5 86 3.131657600402832
5 87 2.916001319885254
5 88 2.901245594024658
5 89 3.24487042427063
5 90 3.281271457672119
5 91 3.000779390335083
5 92 3.1276371479034424
5 93 2.855098009109497
5 94 2.9040725231170654
5 95 3.0775959491729736
5 96 3.2010655403137207
5 97 3.0442545413970947
5 98 3.052598714828491
5 99 3.1218771934509277
5 100 3.115964889526367
5 101 3.0778613090515137
5 102 3.148472309112549
5 103 2.9888436794281006
5 104 2.965285301208496
5 105 2.9535059928894043
5 106 3.009526014328003
5 107 3.070086717605591
5 108 3.1684017181396484
5 109 2.9689080715179443
5 110 2.8874783515930176
5 111 3.1693599224090576
5 112 2.9769046306610107
5 113 3.115755558013916
5 114 3.1409904956817627
5 115 2.8596298694610596
5 116 2.9049479961395264
5 117 2.878980875015259
5 118 3.1039905548095703
5 119 2.9710450172424316
5 120 3.0639894008636475
5 121 3.121151924133301
5 122 2.9655091762542725
5 123 3.132540464401245
5 124 2.89760422706604
5 125 3.2044413089752197
5 126 3.1060123443603516
5 127 3.0473012924194336
5 128 3.0951521396636963
5 129 3.0649263858795166
5 130 3.002866268157959
5 131 2.963468313217163
5 132 2.9778144359588623
5 133 3.069369316101074
5 134 3.023611307144165
5 135 2.993006706237793
5 136 2.906393051147461
5 137 3.0771522521972656
5 138 3.0271127223968506
5 139 3.1965243816375732
5 140 3.0336086750030518
5 141 3.0828967094421387
5 142 2.9861955642700195
5 143 2.9492299556732178
5 144 3.0184824466705322
5 145 3.09587025642395
5 146 2.8840532302856445
5 147 3.080077648162842
5 148 3.090669870376587
5 149 2.9742209911346436
5 150 2.9530835151672363
5 151 2.957681894302368
5 152 3.054720401763916
5 153 3.008709192276001
5 154 2.861518144607544
5 155 2.934424638748169
5 156 2.9160754680633545
5 157 2.953465461730957
5 158 2.995662212371826
5 159 3.1178464889526367
5 160 3.0654375553131104
5 161 2.8470921516418457
5 162 2.980548143386841
5 163 3.063831090927124
5 164 2.967588424682617
5 165 2.8575191497802734
5 166 3.070528268814087
5 167 3.0210678577423096
5 168 3.0188488960266113
5 169 3.1358273029327393
5 170 3.045542001724243
5 171 3.1683144569396973
5 172 3.0709264278411865
5 173 3.1011452674865723
5 174 2.9719130992889404
5 175 2.945054054260254
5 176 2.9914956092834473
5 177 2.8314759731292725
5 178 3.0514070987701416
5 179 2.99564266204834
5 180 3.093634843826294
5 181 2.971081018447876
5 182 2.848700523376465
5 183 3.1446948051452637
5 184 3.1199920177459717
5 185 3.02964448928833
5 186 2.797097682952881
5 187 2.958747625350952
5 188 2.725926637649536
5 189 3.1200523376464844
5 190 2.8592591285705566
5 191 3.065551519393921
5 192 2.9761383533477783
5 193 2.880513906478882
5 194 3.0556986331939697
5 195 3.1470513343811035
6 0 2.972595691680908
6 1 3.0281765460968018
6 2 3.050520181655884
6 3 2.977027654647827
6 4 2.953343152999878
6 5 3.0191972255706787
6 6 3.09098744392395
6 7 3.085479259490967
6 8 2.986724376678467
6 9 2.930816888809204
6 10 3.073944091796875
6 11 3.0200424194335938
6 12 2.9758636951446533
6 13 3.1513142585754395
6 14 2.957449197769165
6 15 2.9265146255493164
6 16 2.8765172958374023
6 17 2.831204414367676
6 18 2.8609063625335693
6 19 2.830491781234741
6 20 2.9550621509552
6 21 3.079296827316284
6 22 3.018916130065918
6 23 2.934998035430908
6 24 3.004121780395508
6 25 2.8882224559783936
6 26 2.8606350421905518
6 27 2.976306676864624
6 28 3.0337750911712646
6 29 2.9140207767486572
6 30 2.9941189289093018
6 31 3.038830280303955
6 32 2.8866147994995117
6 33 2.9230639934539795
6 34 2.9203641414642334
6 35 2.9646687507629395
6 36 2.774728775024414
6 37 3.0189695358276367
6 38 2.9317715167999268
6 39 2.923783302307129
6 40 2.767889976501465
6 41 2.868842124938965
6 42 2.9732112884521484
6 43 2.791661262512207
6 44 3.0911524295806885
6 45 2.709644079208374
6 46 2.8553450107574463
6 47 2.947821617126465
6 48 2.937774896621704
6 49 2.933378219604492
6 50 3.030048131942749
6 51 3.0550243854522705
6 52 3.0657358169555664
6 53 2.951641082763672
6 54 2.940997838973999
6 55 2.8239378929138184
6 56 2.882030963897705
6 57 2.887634515762329
6 58 3.0687308311462402
6 59 3.006131172180176
6 60 3.0086464881896973
6 61 2.882814645767212
6 62 2.9289331436157227
6 63 2.890995979309082
6 64 3.1966795921325684
6 65 2.850118637084961
6 66 2.9800453186035156
6 67 2.883517265319824
6 68 2.8842220306396484
6 69 3.0571072101593018
6 70 3.098881244659424
6 71 3.1063969135284424
6 72 2.885390043258667
6 73 2.823334217071533
6 74 2.947117567062378
6 75 2.9442296028137207
6 76 2.7866480350494385
6 77 3.070093870162964
6 78 2.9788811206817627
6 79 2.830641746520996
6 80 2.969937324523926
6 81 2.7621889114379883
6 82 3.0934133529663086
6 83 2.9538047313690186
6 84 2.991255283355713
6 85 2.9809882640838623
6 86 2.9247381687164307
6 87 3.018968343734741
6 88 2.9417638778686523
6 89 2.9290428161621094
6 90 2.762273073196411
6 91 2.7996249198913574
6 92 2.9291458129882812
6 93 2.9279303550720215
6 94 3.037637233734131
6 95 3.0139682292938232
6 96 2.9975035190582275
6 97 3.0131490230560303
6 98 2.8609509468078613
6 99 3.000462532043457
6 100 3.002380847930908
6 101 2.996392011642456
6 102 3.004169225692749
6 103 2.7151803970336914
6 104 3.0542593002319336
6 105 2.8159351348876953
6 106 3.0037310123443604
6 107 2.8884150981903076
6 108 2.9825544357299805
6 109 3.1000561714172363
6 110 2.893406867980957
6 111 3.021825075149536
6 112 2.7746496200561523
6 113 2.835848093032837
6 114 2.8679358959198
6 115 2.883653402328491
6 116 2.9517226219177246
6 117 2.9421944618225098
6 118 2.9403903484344482
6 119 2.9046287536621094
6 120 2.749608039855957
6 121 2.8925468921661377
6 122 2.8247318267822266
6 123 2.977774143218994
6 124 2.9378345012664795
6 125 3.044994592666626
6 126 3.0230495929718018
6 127 2.8427298069000244
6 128 2.7296345233917236
6 129 2.769430637359619
6 130 2.777982711791992
6 131 2.827209949493408
6 132 2.882364273071289
6 133 2.8427534103393555
6 134 2.954280376434326
6 135 2.7620110511779785
6 136 2.7357301712036133
6 137 2.7130680084228516
6 138 2.7623376846313477
6 139 2.809222459793091
6 140 2.75325608253479
6 141 2.764678478240967
6 142 2.860487461090088
6 143 2.8638112545013428
6 144 2.8632631301879883
6 145 2.877432107925415
6 146 2.831770658493042
6 147 2.870713949203491
6 148 2.895322561264038
6 149 2.947117328643799
6 150 2.8422842025756836
6 151 3.0798234939575195
6 152 2.8293259143829346
6 153 2.873762369155884
6 154 2.9716670513153076
6 155 2.8871238231658936
6 156 2.969261407852173
6 157 2.7693073749542236
6 158 2.7569899559020996
6 159 2.790687322616577
6 160 2.870515823364258
6 161 2.797179698944092
6 162 2.8917524814605713
6 163 2.924420118331909
6 164 2.938880205154419
6 165 2.817859411239624
6 166 2.76092267036438
6 167 2.7932839393615723
6 168 2.923903226852417
6 169 2.849529504776001
6 170 2.8089699745178223
6 171 2.8579461574554443
6 172 2.985381841659546
6 173 3.0681049823760986
6 174 2.8708457946777344
6 175 2.8826844692230225
6 176 2.8514556884765625
6 177 2.8471460342407227
6 178 2.712181806564331
6 179 3.103853940963745
6 180 2.8593287467956543
6 181 2.8420522212982178
6 182 2.8916070461273193
6 183 2.869166612625122
6 184 2.8662619590759277
6 185 2.813910484313965
6 186 2.894684314727783
6 187 2.8521933555603027
6 188 2.7695086002349854
6 189 2.815426826477051
6 190 2.839564800262451
6 191 2.9113264083862305
6 192 2.916511058807373
6 193 2.9602763652801514
6 194 2.771238088607788
6 195 2.8663346767425537
7 0 2.938750982284546
7 1 2.874523639678955
7 2 2.763646364212036
7 3 2.670508861541748
7 4 2.807145118713379
7 5 2.810049533843994
7 6 2.7565200328826904
7 7 2.616792917251587
7 8 2.9762139320373535
7 9 2.8166582584381104
7 10 2.6719088554382324
7 11 2.776033401489258
7 12 2.896087646484375
7 13 2.7802138328552246
7 14 2.6715312004089355
7 15 2.9269375801086426
7 16 2.902547597885132
7 17 2.740889072418213
7 18 2.787330150604248
7 19 2.8361499309539795
7 20 2.726776599884033
7 21 2.726045846939087
7 22 2.8100078105926514
7 23 2.7615180015563965
7 24 2.864603042602539
7 25 2.7552292346954346
7 26 2.7988617420196533
7 27 2.835197687149048
7 28 2.7527194023132324
7 29 2.961883783340454
7 30 2.614114761352539
7 31 3.0312752723693848
7 32 3.0796852111816406
7 33 2.6477932929992676
7 34 2.8680717945098877
7 35 2.9977736473083496
7 36 2.727120876312256
7 37 3.0008184909820557
7 38 2.910888195037842
7 39 2.982166290283203
7 40 3.027646541595459
7 41 2.817298412322998
7 42 2.7725918292999268
7 43 2.7844860553741455
7 44 2.7832188606262207
7 45 2.824738025665283
7 46 2.782405138015747
7 47 2.6776838302612305
7 48 2.701305627822876
7 49 2.783163547515869
7 50 2.8826401233673096
7 51 2.6921770572662354
7 52 2.828382730484009
7 53 2.919922113418579
7 54 2.9853358268737793
7 55 2.6941957473754883
7 56 2.810039520263672
7 57 2.8397951126098633
7 58 2.6942381858825684
7 59 2.7519712448120117
7 60 2.840245246887207
7 61 2.8752145767211914
7 62 2.8332903385162354
7 63 2.7447738647460938
7 64 2.8651607036590576
7 65 2.8984339237213135
7 66 2.743652582168579
7 67 2.7047476768493652
7 68 2.905639410018921
7 69 2.796672821044922
7 70 2.9472055435180664
7 71 2.8473548889160156
7 72 2.764030933380127
7 73 2.859769105911255
7 74 2.8132550716400146
7 75 2.607381820678711
7 76 2.873237371444702
7 77 2.8944075107574463
7 78 2.728564977645874
7 79 2.866668939590454
7 80 2.8449039459228516
7 81 2.565735340118408
7 82 2.8018393516540527
7 83 2.7684364318847656
7 84 2.962944507598877
7 85 2.7231850624084473
7 86 2.72796893119812
7 87 2.8408961296081543
7 88 2.79496169090271
7 89 2.6786723136901855
7 90 2.831418752670288
7 91 2.640187978744507
7 92 3.0221238136291504
7 93 2.9528732299804688
7 94 2.7606565952301025
7 95 2.9235754013061523
7 96 2.6835989952087402
7 97 2.8160741329193115
7 98 2.825666666030884
7 99 2.8347222805023193
7 100 2.8343451023101807
7 101 2.6424076557159424
7 102 2.620047092437744
7 103 2.6830875873565674
7 104 2.8335459232330322
7 105 2.73771333694458
7 106 2.665780782699585
7 107 2.7834677696228027
7 108 2.749037027359009
7 109 2.682403326034546
7 110 2.7052359580993652
7 111 2.5890424251556396
7 112 2.8585617542266846
7 113 2.751811981201172
7 114 3.045178174972534
7 115 2.852780818939209
7 116 2.907379388809204
7 117 2.7839784622192383
7 118 2.665498971939087
7 119 2.671741247177124
7 120 2.857698440551758
7 121 2.617929220199585
7 122 2.7141268253326416
7 123 2.798171043395996
7 124 2.647128105163574
7 125 2.680966854095459
7 126 2.809631586074829
7 127 2.9196534156799316
7 128 2.837944984436035
7 129 2.587252616882324
7 130 2.565751791000366
7 131 2.668714761734009
7 132 2.743525743484497
7 133 2.786417007446289
7 134 2.8193516731262207
7 135 2.753385066986084
7 136 2.785031318664551
7 137 2.909146308898926
7 138 2.707249402999878
7 139 2.71290922164917
7 140 2.6556460857391357
7 141 2.9362027645111084
7 142 2.683009624481201
7 143 2.7772819995880127
7 144 2.7449042797088623
7 145 2.6808557510375977
7 146 2.78365421295166
7 147 2.7356619834899902
7 148 2.6579034328460693
7 149 2.7372593879699707
7 150 2.797438621520996
7 151 2.8532092571258545
7 152 2.826262950897217
7 153 2.71635365486145
7 154 2.942366361618042
7 155 2.7808101177215576
7 156 2.725034713745117
7 157 2.8173599243164062
7 158 2.7548437118530273
7 159 2.7415170669555664
7 160 2.722789764404297
7 161 2.679647922515869
7 162 2.9691007137298584
7 163 2.6841015815734863
7 164 2.765171527862549
7 165 2.7279841899871826
7 166 2.6760311126708984
7 167 2.764723062515259
7 168 2.709041118621826
7 169 2.7528188228607178
7 170 2.6934778690338135
7 171 2.639153003692627
7 172 2.7595272064208984
7 173 2.822239875793457
7 174 2.7237424850463867
7 175 2.6982481479644775
7 176 2.71928071975708
7 177 2.884575605392456
7 178 2.7193939685821533
7 179 2.904520273208618
7 180 2.6732609272003174
7 181 2.796597719192505
7 182 2.7872071266174316
7 183 2.7797398567199707
7 184 2.813230276107788
7 185 2.745328426361084
7 186 2.680161952972412
7 187 2.6574203968048096
7 188 2.793478488922119
7 189 2.832444667816162
7 190 2.931427240371704
7 191 2.592491388320923
7 192 2.6936118602752686
7 193 2.9007186889648438
7 194 2.7116265296936035
7 195 2.8688530921936035
8 0 2.752624034881592
8 1 2.599402666091919
8 2 2.6989786624908447
8 3 2.6614227294921875
8 4 3.0570785999298096
8 5 2.723836660385132
8 6 2.7257628440856934
8 7 2.6683058738708496
8 8 2.6710336208343506
8 9 2.6394290924072266
8 10 2.5595664978027344
8 11 2.6995577812194824
8 12 2.4769492149353027
8 13 2.709641695022583
8 14 2.815387725830078
8 15 2.743028163909912
8 16 2.8126490116119385
8 17 2.6273553371429443
8 18 2.922720432281494
8 19 2.7247042655944824
8 20 2.549306869506836
8 21 2.5341436862945557
8 22 2.646780252456665
8 23 2.6292479038238525
8 24 2.421482563018799
8 25 2.7417969703674316
8 26 2.5947163105010986
8 27 2.617659568786621
8 28 2.8712034225463867
8 29 2.705824613571167
8 30 2.627166271209717
8 31 2.8728740215301514
8 32 2.445282220840454
8 33 2.579317808151245
8 34 2.549760580062866
8 35 2.5233142375946045
8 36 2.6108176708221436
8 37 2.723980188369751
8 38 2.640625
8 39 2.599123001098633
8 40 2.6639866828918457
8 41 2.7336857318878174
8 42 2.5539586544036865
8 43 2.721482515335083
8 44 2.4889891147613525
8 45 2.823406934738159
8 46 2.7516818046569824
8 47 2.718308925628662
8 48 2.7603111267089844
8 49 2.63236141204834
8 50 2.591514825820923
8 51 2.700273036956787
8 52 2.5933780670166016
8 53 2.488048553466797
8 54 2.472470760345459
8 55 2.6351490020751953
8 56 2.6473941802978516
8 57 2.631075859069824
8 58 2.6305489540100098
8 59 2.633295774459839
8 60 2.5656850337982178
8 61 2.718120813369751
8 62 2.7275941371917725
8 63 2.618816614151001
8 64 2.708254814147949
8 65 2.669308662414551
8 66 2.704113721847534
8 67 2.7676138877868652
8 68 2.508535623550415
8 69 2.7937121391296387
8 70 2.715670585632324
8 71 2.5475313663482666
8 72 2.6749789714813232
8 73 2.7141613960266113
8 74 2.642732620239258
8 75 2.718122959136963
8 76 2.6572859287261963
8 77 2.729630947113037
8 78 2.727565288543701
8 79 2.623732805252075
8 80 2.573198080062866
8 81 2.719046115875244
8 82 2.5178017616271973
8 83 2.411468982696533
8 84 2.720757246017456
8 85 2.7292933464050293
8 86 2.6600232124328613
8 87 2.610304832458496
8 88 2.712714910507202
8 89 2.5447850227355957
8 90 2.785851001739502
8 91 2.6356770992279053
8 92 2.892531156539917
8 93 2.873544454574585
8 94 2.786609411239624
8 95 2.5857045650482178
8 96 2.775810480117798
8 97 2.695436477661133
8 98 2.814612865447998
8 99 2.67410945892334
8 100 2.641824722290039
8 101 2.5273079872131348
8 102 2.6381075382232666
8 103 2.5858380794525146
8 104 2.4517767429351807
8 105 2.512186050415039
8 106 2.578247547149658
8 107 2.780531167984009
8 108 2.649528980255127
8 109 2.7648494243621826
8 110 2.579697370529175
8 111 2.619349718093872
8 112 2.8101420402526855
8 113 2.69058895111084
8 114 2.558657646179199
8 115 2.6047000885009766
8 116 2.5016391277313232
8 117 2.505600929260254
8 118 2.8030951023101807
8 119 2.5540385246276855
8 120 2.879973888397217
8 121 2.793062210083008
8 122 2.8105642795562744
8 123 2.813652515411377
8 124 2.536895513534546
8 125 2.77250599861145
8 126 2.6010799407958984
8 127 2.6810390949249268
8 128 2.5420734882354736
8 129 2.5515148639678955
8 130 2.5636861324310303
8 131 2.627000570297241
8 132 2.5541234016418457
8 133 2.4944090843200684
8 134 2.5546438694000244
8 135 2.402540683746338
8 136 2.8198091983795166
8 137 2.605968475341797
8 138 2.649508237838745
8 139 2.5906572341918945
8 140 2.6997549533843994
8 141 2.6899893283843994
8 142 2.537508249282837
8 143 2.5482404232025146
8 144 2.691136360168457
8 145 2.6314499378204346
8 146 2.552821159362793
8 147 2.722470998764038
8 148 2.767932891845703
8 149 2.6328577995300293
8 150 2.4795820713043213
8 151 2.6647109985351562
8 152 2.5781924724578857
8 153 2.5369789600372314
8 154 2.5279910564422607
8 155 2.6968753337860107
8 156 2.727926015853882
8 157 2.7027640342712402
8 158 2.6233160495758057
8 159 2.4305403232574463
8 160 2.6196773052215576
8 161 2.5305116176605225
8 162 2.6360907554626465
8 163 2.7291581630706787
8 164 2.728355884552002
8 165 2.6584367752075195
8 166 2.7496211528778076
8 167 2.6325855255126953
8 168 2.6113054752349854
8 169 2.7610065937042236
8 170 2.7082247734069824
8 171 2.4741406440734863
8 172 2.7034671306610107
8 173 2.612927198410034
8 174 2.56124210357666
8 175 2.6106958389282227
8 176 2.6234495639801025
8 177 2.793118953704834
8 178 2.5569236278533936
8 179 2.7659006118774414
8 180 2.6619503498077393
8 181 2.5658223628997803
8 182 2.7727930545806885
8 183 2.6355509757995605
8 184 2.540600538253784
8 185 2.5617568492889404
8 186 2.710374355316162
8 187 2.5725672245025635
8 188 2.529306411743164
8 189 2.6725423336029053
8 190 2.6394975185394287
8 191 2.5357964038848877
8 192 2.5368435382843018
8 193 2.679065227508545
8 194 2.726851224899292
8 195 2.426348924636841
9 0 2.633882761001587
9 1 2.590372085571289
9 2 2.460824489593506
9 3 2.5412917137145996
9 4 2.6228771209716797
9 5 2.633244037628174
9 6 2.494781970977783
9 7 2.620817184448242
9 8 2.6940526962280273
9 9 2.589228391647339
9 10 2.4617934226989746
9 11 2.438905954360962
9 12 2.600645065307617
9 13 2.497936725616455
9 14 2.4617581367492676
9 15 2.650656223297119
9 16 2.814472198486328
9 17 2.545942783355713
9 18 2.6056246757507324
9 19 2.4019229412078857
9 20 2.769305467605591
9 21 2.6556527614593506
9 22 2.5638158321380615
9 23 2.403472423553467
9 24 2.6607792377471924
9 25 2.488022804260254
9 26 2.5573434829711914
9 27 2.513913154602051
9 28 2.652252197265625
9 29 2.755899667739868
9 30 2.5244431495666504
9 31 2.603208303451538
9 32 2.5613043308258057
9 33 2.6110174655914307
9 34 2.5785927772521973
9 35 2.697965145111084
9 36 2.515986204147339
9 37 2.5989670753479004
9 38 2.3925280570983887
9 39 2.559041738510132
9 40 2.612316370010376
9 41 2.6741933822631836
9 42 2.452122449874878
9 43 2.7704074382781982
9 44 2.5442698001861572
9 45 2.603022336959839
9 46 2.6242330074310303
9 47 2.555953025817871
9 48 2.5069632530212402
9 49 2.4652464389801025
9 50 2.4857850074768066
9 51 2.6055092811584473
9 52 2.6317174434661865
9 53 2.6443264484405518
9 54 2.4333949089050293
9 55 2.563156843185425
9 56 2.4774551391601562
9 57 2.6513187885284424
9 58 2.5697667598724365
9 59 2.8671019077301025
9 60 2.3850879669189453
9 61 2.6492929458618164
9 62 2.4028656482696533
9 63 2.6128740310668945
9 64 2.5321972370147705
9 65 2.5295732021331787
9 66 2.4159510135650635
9 67 2.4523792266845703
9 68 2.416048526763916
9 69 2.498332977294922
9 70 2.6102068424224854
9 71 2.531226634979248
9 72 2.61320161819458
9 73 2.4721195697784424
9 74 2.642794132232666
9 75 2.657419204711914
9 76 2.6096415519714355
9 77 2.485105514526367
9 78 2.6764533519744873
9 79 2.610936164855957
9 80 2.5949370861053467
9 81 2.375941514968872
9 82 2.8037712574005127
9 83 2.575251579284668
9 84 2.57340669631958
9 85 2.6181023120880127
9 86 2.6334941387176514
9 87 2.5144646167755127
9 88 2.609572410583496
9 89 2.4336318969726562
9 90 2.654927968978882
9 91 2.5379908084869385
9 92 2.326077699661255
9 93 2.733945846557617
9 94 2.3457345962524414
9 95 2.441098213195801
9 96 2.5564329624176025
9 97 2.493220329284668
9 98 2.5192313194274902
9 99 2.5381534099578857
9 100 2.528472661972046
9 101 2.534661293029785
9 102 2.588765859603882
9 103 2.546093702316284
9 104 2.572650194168091
9 105 2.7280046939849854
9 106 2.465150833129883
9 107 2.6706249713897705
9 108 2.644458293914795
9 109 2.5141565799713135
9 110 2.590559482574463
9 111 2.5753836631774902
9 112 2.5743958950042725
9 113 2.589031934738159
9 114 2.5823802947998047
9 115 2.4918460845947266
9 116 2.448282480239868
9 117 2.4228317737579346
9 118 2.425452947616577
9 119 2.414456367492676
9 120 2.564391851425171
9 121 2.6077044010162354
9 122 2.4757561683654785
9 123 2.299677610397339
9 124 2.623389720916748
9 125 2.5630905628204346
9 126 2.6406397819519043
9 127 2.3329579830169678
9 128 2.585329055786133
9 129 2.4840049743652344
9 130 2.7400319576263428
9 131 2.607074737548828
9 132 2.5149290561676025
9 133 2.453998565673828
9 134 2.48321533203125
9 135 2.4597060680389404
9 136 2.653378486633301
9 137 2.4753966331481934
9 138 2.4110076427459717
9 139 2.3914129734039307
9 140 2.404167413711548
9 141 2.653027296066284
9 142 2.4957809448242188
9 143 2.358675479888916
9 144 2.4956271648406982
9 145 2.707552433013916
9 146 2.300480842590332
9 147 2.792895793914795
9 148 2.594850540161133
9 149 2.6189186573028564
9 150 2.376019239425659
9 151 2.552013874053955
9 152 2.5240225791931152
9 153 2.380929946899414
9 154 2.3675174713134766
9 155 2.631279945373535
9 156 2.4649455547332764
9 157 2.6081643104553223
9 158 2.470149517059326
9 159 2.4212090969085693
9 160 2.5373001098632812
9 161 2.403700351715088
9 162 2.440225839614868
9 163 2.4232804775238037
9 164 2.472964286804199
9 165 2.634998321533203
9 166 2.582195281982422
9 167 2.493424654006958
9 168 2.6379640102386475
9 169 2.5696158409118652
9 170 2.581160545349121
9 171 2.569790840148926
9 172 2.5578932762145996
9 173 2.353745222091675
9 174 2.6556358337402344
9 175 2.6689045429229736
9 176 2.5048716068267822
9 177 2.570225954055786
9 178 2.595120906829834
9 179 2.5376009941101074
9 180 2.440943956375122
9 181 2.5349180698394775
9 182 2.6542680263519287
9 183 2.5516879558563232
9 184 2.4992003440856934
9 185 2.662445545196533
9 186 2.5257503986358643
9 187 2.475586414337158
9 188 2.3851828575134277
9 189 2.6872775554656982
9 190 2.482344627380371
9 191 2.4608592987060547
9 192 2.5303962230682373
9 193 2.633713483810425
9 194 2.568023204803467
9 195 2.078270196914673
10 0 2.3625123500823975
10 1 2.495840549468994
10 2 2.407747745513916
10 3 2.7136058807373047
10 4 2.460798740386963
10 5 2.547079563140869
10 6 2.288126230239868
10 7 2.534398078918457
10 8 2.5999863147735596
10 9 2.490131378173828
10 10 2.5344293117523193
10 11 2.5851528644561768
10 12 2.4674839973449707
10 13 2.3503894805908203
10 14 2.427706480026245
10 15 2.5507965087890625
10 16 2.4094550609588623
10 17 2.3878777027130127
10 18 2.340702772140503
10 19 2.575147867202759
10 20 2.3994760513305664
10 21 2.4051947593688965
10 22 2.551953077316284
10 23 2.3491811752319336
10 24 2.5325701236724854
10 25 2.4018778800964355
10 26 2.5879111289978027
10 27 2.575059652328491
10 28 2.383230686187744
10 29 2.4624087810516357
10 30 2.4261226654052734
10 31 2.4830267429351807
10 32 2.569359064102173
10 33 2.4133198261260986
10 34 2.2645137310028076
10 35 2.400986671447754
10 36 2.429391860961914
10 37 2.580801010131836
10 38 2.443443536758423
10 39 2.532935619354248
10 40 2.5715014934539795
10 41 2.3637046813964844
10 42 2.367086172103882
10 43 2.605381488800049
10 44 2.375418186187744
10 45 2.477627992630005
10 46 2.2240450382232666
10 47 2.2913055419921875
10 48 2.535889148712158
10 49 2.5072646141052246
10 50 2.5258162021636963
10 51 2.4320478439331055
10 52 2.429612874984741
10 53 2.502582550048828
10 54 2.6073384284973145
10 55 2.3275277614593506
10 56 2.5875368118286133
10 57 2.728930950164795
10 58 2.5193710327148438
10 59 2.5323920249938965
10 60 2.3516671657562256
10 61 2.5148253440856934
10 62 2.3464760780334473
10 63 2.3851258754730225
10 64 2.4854774475097656
10 65 2.436354637145996
10 66 2.3764586448669434
10 67 2.4468209743499756
10 68 2.5636842250823975
10 69 2.296412944793701
10 70 2.5403854846954346
10 71 2.48171067237854
10 72 2.6403775215148926
10 73 2.4247262477874756
10 74 2.5169029235839844
10 75 2.361402750015259
10 76 2.391242742538452
10 77 2.7337419986724854
10 78 2.5609350204467773
10 79 2.5622777938842773
10 80 2.659492254257202
10 81 2.5870978832244873
10 82 2.425670623779297
10 83 2.487131118774414
10 84 2.4834725856781006
10 85 2.5472726821899414
10 86 2.4896883964538574
10 87 2.488097667694092
10 88 2.2542879581451416
10 89 2.4142906665802
10 90 2.4609158039093018
10 91 2.3494436740875244
10 92 2.434316635131836
10 93 2.314699649810791
10 94 2.4998857975006104
10 95 2.2791359424591064
10 96 2.459928512573242
10 97 2.504138708114624
10 98 2.423733949661255
10 99 2.4660651683807373
10 100 2.5022826194763184
10 101 2.335310459136963
10 102 2.3808884620666504
10 103 2.446871042251587
10 104 2.402210235595703
10 105 2.508185863494873
10 106 2.43060302734375
10 107 2.5068583488464355
10 108 2.3645248413085938
10 109 2.4509828090667725
10 110 2.522592782974243
10 111 2.444061279296875
10 112 2.464897632598877
10 113 2.5586063861846924
10 114 2.6797311305999756
10 115 2.2991909980773926
10 116 2.2854368686676025
10 117 2.4381847381591797
10 118 2.2510488033294678
10 119 2.4391772747039795
10 120 2.4628405570983887
10 121 2.5416033267974854
10 122 2.4260754585266113
10 123 2.417856454849243
10 124 2.242884635925293
10 125 2.4720308780670166
10 126 2.3606934547424316
10 127 2.4330592155456543
10 128 2.3155839443206787
10 129 2.391526937484741
10 130 2.570209264755249
10 131 2.6023123264312744
10 132 2.3627214431762695
10 133 2.3670361042022705
10 134 2.3706867694854736
10 135 2.307468891143799
10 136 2.6431427001953125
10 137 2.556596279144287
10 138 2.3396201133728027
10 139 2.5878283977508545
10 140 2.526393413543701
10 141 2.487013101577759
10 142 2.440831422805786
10 143 2.2507009506225586
10 144 2.6366124153137207
10 145 2.4669876098632812
10 146 2.397879123687744
10 147 2.487277030944824
10 148 2.2572481632232666
10 149 2.401374578475952
10 150 2.403824806213379
10 151 2.371263027191162
10 152 2.6472198963165283
10 153 2.568993330001831
10 154 2.4259607791900635
10 155 2.40837025642395
10 156 2.383784532546997
10 157 2.377488374710083
10 158 2.3259029388427734
10 159 2.3428523540496826
10 160 2.4012670516967773
10 161 2.442852020263672
10 162 2.4371402263641357
10 163 2.2898828983306885
10 164 2.337221622467041
10 165 2.4955201148986816
10 166 2.2436020374298096
10 167 2.4315922260284424
10 168 2.4004671573638916
10 169 2.3487000465393066
10 170 2.379861831665039
10 171 2.366290807723999
10 172 2.564138174057007
10 173 2.533456563949585
10 174 2.216686487197876
10 175 2.5020453929901123
10 176 2.427328109741211
10 177 2.2643253803253174
10 178 2.2993571758270264
10 179 2.5522685050964355
10 180 2.4390249252319336
10 181 2.297865629196167
10 182 2.355881452560425
10 183 2.4852747917175293
10 184 2.3011763095855713
10 185 2.4384055137634277
10 186 2.4310765266418457
10 187 2.498384475708008
10 188 2.333491802215576
10 189 2.3422083854675293
10 190 2.2836437225341797
10 191 2.5824880599975586
10 192 2.6397430896759033
10 193 2.522873878479004
10 194 2.454510450363159
10 195 2.5787649154663086
11 0 2.4536895751953125
11 1 2.44325590133667
11 2 2.530012607574463
11 3 2.396243095397949
11 4 2.576458215713501
11 5 2.5674781799316406
11 6 2.233407974243164
11 7 2.3680245876312256
11 8 2.3285908699035645
11 9 2.422943592071533
11 10 2.3376331329345703
11 11 2.385294198989868
11 12 2.308868646621704
11 13 2.254410743713379
11 14 2.5826830863952637
11 15 2.3080012798309326
11 16 2.254390001296997
11 17 2.2681052684783936
11 18 2.1643178462982178
11 19 2.2350668907165527
11 20 2.405241012573242
11 21 2.3868954181671143
11 22 2.272355079650879
11 23 2.334148406982422
11 24 2.4414384365081787
11 25 2.244751453399658
11 26 2.299804449081421
11 27 2.4097554683685303
11 28 2.4042437076568604
11 29 2.456845283508301
11 30 2.3050711154937744
11 31 2.2657415866851807
11 32 2.164322853088379
11 33 2.373059034347534
11 34 2.496006727218628
11 35 2.3761329650878906
11 36 2.031196355819702
11 37 2.3888068199157715
11 38 2.3683276176452637
11 39 2.415273427963257
11 40 2.474000930786133
11 41 2.3636415004730225
11 42 2.355347156524658
11 43 2.244880199432373
11 44 2.325031280517578
11 45 2.2967541217803955
11 46 2.2612459659576416
11 47 2.2468037605285645
11 48 2.546121120452881
11 49 2.2538881301879883
11 50 2.1393909454345703
11 51 2.383587121963501
11 52 2.3085668087005615
11 53 2.2586584091186523
11 54 2.3512182235717773
11 55 2.4305830001831055
11 56 2.4503557682037354
11 57 2.303335666656494
11 58 2.3211517333984375
11 59 2.1806607246398926
11 60 2.5205633640289307
11 61 2.178767681121826
11 62 2.2083728313446045
11 63 2.469087839126587
11 64 2.4269285202026367
11 65 2.410820960998535
11 66 2.2357592582702637
11 67 2.567923069000244
11 68 2.3485300540924072
11 69 2.3936502933502197
11 70 2.460968017578125
11 71 2.420480728149414
11 72 2.4679203033447266
11 73 2.458310604095459
11 74 2.3574512004852295
11 75 2.27663516998291
11 76 2.083914041519165
11 77 2.3113861083984375
11 78 2.4469616413116455
11 79 2.5199177265167236
11 80 2.479149341583252
11 81 2.483663320541382
11 82 2.2716405391693115
11 83 2.4145171642303467
11 84 2.4103291034698486
11 85 2.3294589519500732
11 86 2.364030599594116
11 87 2.3012802600860596
11 88 2.482860565185547
11 89 2.2045884132385254
11 90 2.4304864406585693
11 91 2.432748794555664
11 92 2.0214669704437256
11 93 2.2965681552886963
11 94 2.264068841934204
11 95 2.407351016998291
11 96 2.4259257316589355
11 97 2.2945704460144043
11 98 2.300088405609131
11 99 2.3143622875213623
11 100 2.263416290283203
11 101 2.3023905754089355
11 102 2.4772353172302246
11 103 2.3699960708618164
11 104 2.2022781372070312
11 105 2.293745517730713
11 106 2.2773947715759277
11 107 2.3123421669006348
11 108 2.235964059829712
11 109 2.4526309967041016
11 110 2.369664430618286
11 111 2.4407787322998047
11 112 2.310438632965088
11 113 2.698977470397949
11 114 2.2503175735473633
11 115 2.3219573497772217
11 116 2.2657389640808105
11 117 2.4193811416625977
11 118 2.222149610519409
11 119 2.331793785095215
11 120 2.292731523513794
11 121 2.5429413318634033
11 122 2.3111133575439453
11 123 2.422938823699951
11 124 2.413813352584839
11 125 2.5376102924346924
11 126 2.360740900039673
11 127 2.3105523586273193
11 128 2.223088026046753
11 129 2.5556604862213135
11 130 2.4860482215881348
11 131 2.333796262741089
11 132 2.467427968978882
11 133 2.4360318183898926
11 134 2.3335962295532227
11 135 2.2379209995269775
11 136 2.3714687824249268
11 137 2.2703285217285156
11 138 2.5451481342315674
11 139 2.335927724838257
11 140 2.399897575378418
11 141 2.2776334285736084
11 142 2.4116644859313965
11 143 2.3420326709747314
11 144 2.445347309112549
11 145 2.1888771057128906
11 146 2.40564227104187
11 147 2.29794979095459
11 148 2.534144878387451
11 149 2.4045355319976807
11 150 2.3585808277130127
11 151 2.3755528926849365
11 152 2.1755926609039307
11 153 2.2600367069244385
11 154 2.4206154346466064
11 155 2.2685024738311768
11 156 2.3309381008148193
11 157 2.37399959564209
11 158 2.3900609016418457
11 159 2.161531448364258
11 160 2.335265636444092
11 161 2.45176362991333
11 162 2.401045560836792
11 163 2.32204532623291
11 164 2.252089262008667
11 165 2.219165802001953
11 166 2.272214889526367
11 167 2.3047468662261963
11 168 2.400627851486206
11 169 2.3192789554595947
11 170 2.3510806560516357
11 171 2.401715040206909
11 172 2.402322769165039
11 173 2.506368637084961
11 174 2.2994041442871094
11 175 2.4290010929107666
11 176 2.2936038970947266
11 177 2.2781593799591064
11 178 2.309204339981079
11 179 2.4573848247528076
11 180 2.342257261276245
11 181 2.304405450820923
11 182 2.178011894226074
11 183 2.3690783977508545
11 184 2.369112730026245
11 185 2.4253809452056885
11 186 2.1957406997680664
11 187 2.2940382957458496
11 188 2.2825675010681152
11 189 2.2312793731689453
11 190 2.358499765396118
11 191 2.447145700454712
11 192 2.3011653423309326
11 193 2.0120303630828857
11 194 2.116910457611084
11 195 2.2966768741607666
12 0 2.2537693977355957
12 1 2.330502510070801
12 2 2.147684335708618
12 3 2.369145631790161
12 4 2.211354970932007
12 5 2.227731466293335
12 6 2.353886842727661
12 7 2.2329463958740234
12 8 2.3606374263763428
12 9 2.2481296062469482
12 10 2.4213361740112305
12 11 2.1935811042785645
12 12 2.2106711864471436
12 13 2.1970555782318115
12 14 2.146878242492676
12 15 2.2523720264434814
12 16 2.260601043701172
12 17 2.347280740737915
12 18 2.363131284713745
12 19 2.1910834312438965
12 20 2.2506728172302246
12 21 2.4154627323150635
12 22 2.033778667449951
12 23 2.3305962085723877
12 24 2.2073001861572266
12 25 2.2698724269866943
12 26 2.523002862930298
12 27 2.359919548034668
12 28 2.1736690998077393
12 29 2.2127912044525146
12 30 2.371426820755005
12 31 2.294943332672119
12 32 2.28583025932312
12 33 2.3296868801116943
12 34 2.2324061393737793
12 35 2.0060837268829346
12 36 2.234095335006714
12 37 2.391313314437866
12 38 2.2662038803100586
12 39 2.169264554977417
12 40 2.2539896965026855
12 41 2.263261318206787
12 42 2.2942092418670654
12 43 2.1816039085388184
12 44 2.185892105102539
12 45 2.0743205547332764
12 46 2.2555201053619385
12 47 2.2761380672454834
12 48 2.341954231262207
12 49 2.229809284210205
12 50 2.313932418823242
12 51 2.241908073425293
12 52 2.3715667724609375
12 53 2.160249948501587
12 54 2.357856035232544
12 55 2.1942648887634277
12 56 2.2588558197021484
12 57 2.218395709991455
12 58 2.384197950363159
12 59 2.4230942726135254
12 60 2.3891894817352295
12 61 2.479006290435791
12 62 2.1112585067749023
12 63 2.422194480895996
12 64 2.520404815673828
12 65 2.2411770820617676
12 66 2.2865564823150635
12 67 2.3432419300079346
12 68 2.220749855041504
12 69 2.3405921459198
12 70 2.1920011043548584
12 71 2.3135135173797607
12 72 2.292645215988159
12 73 2.1789438724517822
12 74 2.2405288219451904
12 75 2.197681427001953
12 76 2.030949831008911
12 77 2.2005820274353027
12 78 2.3491132259368896
12 79 2.251171112060547
12 80 2.088632106781006
12 81 2.1122307777404785
12 82 2.0786666870117188
12 83 2.2272002696990967
12 84 2.2295897006988525
12 85 2.20574951171875
12 86 2.3307344913482666
12 87 2.185558557510376
12 88 2.265820264816284
12 89 2.1320250034332275
12 90 2.164243459701538
12 91 2.329749584197998
12 92 2.4057343006134033
12 93 2.2539541721343994
12 94 2.386165142059326
12 95 2.477548122406006
12 96 2.2891178131103516
12 97 2.3243608474731445
12 98 2.1972033977508545
12 99 2.2767772674560547
12 100 2.275696277618408
12 101 2.4885623455047607
12 102 2.284428119659424
12 103 2.1394217014312744
12 104 2.0950522422790527
12 105 2.111750841140747
12 106 2.319939136505127
12 107 2.284694194793701
12 108 2.25431227684021
12 109 2.2768352031707764
12 110 2.1466076374053955
12 111 2.4035792350769043
12 112 2.496452569961548
12 113 2.418128490447998
12 114 2.4511642456054688
12 115 2.2828640937805176
12 116 2.161768674850464
12 117 2.249964952468872
12 118 2.1875758171081543
12 119 2.2127320766448975
12 120 2.2765939235687256
12 121 2.497124433517456
12 122 2.1890313625335693
12 123 2.2949976921081543
12 124 2.2229013442993164
12 125 2.226656913757324
12 126 2.2718052864074707
12 127 2.4432168006896973
12 128 2.095879077911377
12 129 2.2810299396514893
12 130 2.2315256595611572
12 131 2.2036046981811523
12 132 2.2639129161834717
12 133 2.196524143218994
12 134 2.201249122619629
12 135 2.0040178298950195
12 136 2.2611069679260254
12 137 2.2621192932128906
12 138 2.2466585636138916
12 139 2.378324031829834
12 140 2.0980403423309326
12 141 2.241173267364502
12 142 2.3597002029418945
12 143 2.41373348236084
12 144 2.288147449493408
12 145 2.14750599861145
12 146 2.381946563720703
12 147 2.2589495182037354
12 148 2.2864677906036377
12 149 2.237886428833008
12 150 2.261500597000122
12 151 2.139664649963379
12 152 2.3542726039886475
12 153 2.3255414962768555
12 154 2.2426373958587646
12 155 2.2367091178894043
12 156 2.2720367908477783
12 157 2.189345598220825
12 158 2.277235746383667
12 159 2.341665267944336
12 160 2.3203063011169434
12 161 2.1183226108551025
12 162 2.1563944816589355
12 163 2.2255301475524902
12 164 2.3107550144195557
12 165 2.232802629470825
12 166 2.2940802574157715
12 167 2.1913368701934814
12 168 2.2824645042419434
12 169 2.2013940811157227
12 170 2.2357540130615234
12 171 2.2362794876098633
12 172 2.1550850868225098
12 173 2.1362321376800537
12 174 2.236034870147705
12 175 2.3586246967315674
12 176 2.2859368324279785
12 177 2.245927333831787
12 178 2.4348831176757812
12 179 2.1223716735839844
12 180 2.2264668941497803
12 181 2.2024435997009277
12 182 2.2735252380371094
12 183 2.2724344730377197
12 184 2.4038662910461426
12 185 2.231522798538208
12 186 2.113968849182129
12 187 2.200028657913208
12 188 2.1403579711914062
12 189 2.2440073490142822
12 190 2.1747841835021973
12 191 2.221907615661621
12 192 2.3380038738250732
12 193 2.279386281967163
12 194 2.5375823974609375
12 195 2.2875094413757324
13 0 2.162395477294922
13 1 2.2539241313934326
13 2 2.0911953449249268
13 3 2.2186806201934814
13 4 2.22778058052063
13 5 2.1984424591064453
13 6 2.081846237182617
13 7 2.0554120540618896
13 8 2.3789901733398438
13 9 2.149245500564575
13 10 2.173840284347534
13 11 2.2521722316741943
13 12 2.285647392272949
13 13 2.3458778858184814
13 14 2.1217293739318848
13 15 2.267418622970581
13 16 2.2076900005340576
13 17 2.2944228649139404
13 18 2.3954288959503174
13 19 2.0892419815063477
13 20 2.0370171070098877
13 21 2.1036198139190674
13 22 2.2253448963165283
13 23 2.2159128189086914
13 24 2.1831085681915283
13 25 2.208096742630005
13 26 2.0003936290740967
13 27 1.9459872245788574
13 28 2.238163948059082
13 29 2.1595613956451416
13 30 2.1357553005218506
13 31 2.049492120742798
13 32 2.103083372116089
13 33 1.9363747835159302
13 34 2.3391690254211426
13 35 2.2012171745300293
13 36 2.1627540588378906
13 37 2.2568156719207764
13 38 2.308331251144409
13 39 2.3364102840423584
13 40 2.144702911376953
13 41 2.043067455291748
13 42 2.1396379470825195
13 43 2.050445795059204
13 44 2.3792788982391357
13 45 2.2566208839416504
13 46 2.1770715713500977
13 47 2.1946139335632324
13 48 2.125506639480591
13 49 2.2444233894348145
13 50 2.163249969482422
13 51 2.114943742752075
13 52 2.2025394439697266
13 53 2.2230050563812256
13 54 2.2565865516662598
13 55 2.03843355178833
13 56 2.087026834487915
13 57 2.466140031814575
13 58 2.357154607772827
13 59 2.3006036281585693
13 60 2.284012794494629
13 61 2.195884943008423
13 62 2.111894369125366
13 63 2.224454164505005
13 64 2.085515022277832
13 65 2.2184295654296875
13 66 2.3531582355499268
13 67 2.1586592197418213
13 68 2.186893939971924
13 69 2.130286455154419
13 70 2.046931505203247
13 71 2.1012184619903564
13 72 2.1046950817108154
13 73 2.1634716987609863
13 74 2.1650660037994385
13 75 2.1692497730255127
13 76 2.1288843154907227
13 77 2.255293130874634
13 78 1.899826169013977
13 79 2.2682716846466064
13 80 2.1096043586730957
13 81 2.023965835571289
13 82 2.248270034790039
13 83 2.2811732292175293
13 84 2.3711843490600586
13 85 2.2042477130889893
13 86 2.236941337585449
13 87 2.223933696746826
13 88 2.402984619140625
13 89 2.130753993988037
13 90 2.1678144931793213
13 91 2.205496072769165
13 92 2.1995983123779297
13 93 2.1428587436676025
13 94 2.395717144012451
13 95 2.2058331966400146
13 96 2.183455228805542
13 97 2.2723240852355957
13 98 2.221618890762329
13 99 2.1916379928588867
13 100 2.183053970336914
13 101 2.0780856609344482
13 102 2.2807576656341553
13 103 2.206949234008789
13 104 2.1963114738464355
13 105 2.1592633724212646
13 106 2.045483112335205
13 107 2.1962878704071045
13 108 2.0315496921539307
13 109 2.3465120792388916
13 110 2.6019649505615234
13 111 2.282264471054077
13 112 2.127732276916504
13 113 2.367180824279785
13 114 2.1510517597198486
13 115 2.3868660926818848
13 116 2.138253927230835
13 117 2.324936866760254
13 118 2.0193283557891846
13 119 2.251732587814331
13 120 2.0333516597747803
13 121 2.053945302963257
13 122 2.2146494388580322
13 123 2.0833559036254883
13 124 2.2023677825927734
13 125 2.1194374561309814
13 126 2.1828558444976807
13 127 2.3006932735443115
13 128 2.2352077960968018
13 129 2.1054599285125732
13 130 2.2214980125427246
13 131 2.214320421218872
13 132 2.1047959327697754
13 133 2.127912998199463
13 134 2.212555408477783
13 135 2.2877776622772217
13 136 2.0966992378234863
13 137 2.015698194503784
13 138 2.1090288162231445
13 139 2.0527567863464355
13 140 1.9963610172271729
13 141 2.153502941131592
13 142 2.4004790782928467
13 143 2.324815273284912
13 144 2.118532180786133
13 145 2.1578478813171387
13 146 2.1423985958099365
13 147 2.28708553314209
13 148 2.0970475673675537
13 149 2.184420585632324
13 150 2.190509796142578
13 151 2.217700242996216
13 152 2.1667675971984863
13 153 2.209670305252075
13 154 2.1944425106048584
13 155 2.17136549949646
13 156 2.2427549362182617
13 157 2.3948843479156494
13 158 2.310004472732544
13 159 2.169736385345459
13 160 2.1919400691986084
13 161 2.2760732173919678
13 162 2.102872610092163
13 163 2.1450624465942383
13 164 2.1501338481903076
13 165 2.019101858139038
13 166 2.346189260482788
13 167 1.8392353057861328
13 168 2.2994728088378906
13 169 2.2179834842681885
13 170 2.197359561920166
13 171 2.107266426086426
13 172 2.2335901260375977
13 173 2.022233486175537
13 174 2.021336555480957
13 175 2.3359806537628174
13 176 1.9568469524383545
13 177 2.3220906257629395
13 178 2.170485019683838
13 179 2.2636842727661133
13 180 2.1067874431610107
13 181 2.2944958209991455
13 182 1.9722826480865479
13 183 2.2850492000579834
13 184 2.0473594665527344
13 185 2.045315980911255
13 186 2.238586187362671
13 187 2.1042299270629883
13 188 2.1641252040863037
13 189 2.025862693786621
13 190 2.2692999839782715
13 191 2.118748903274536
13 192 2.1607038974761963
13 193 2.102745294570923
13 194 2.2041914463043213
13 195 2.283061981201172
14 0 2.1795620918273926
14 1 2.345496892929077
14 2 2.114290237426758
14 3 2.201754093170166
14 4 2.0005264282226562
14 5 2.0792078971862793
14 6 2.159559488296509
14 7 2.0228936672210693
14 8 1.934700608253479
14 9 2.094360828399658
14 10 2.191202402114868
14 11 1.957093358039856
14 12 2.2168731689453125
14 13 2.1407477855682373
14 14 2.1716458797454834
14 15 2.199681520462036
14 16 2.0801944732666016
14 17 2.1040539741516113
14 18 2.1251800060272217
14 19 2.1026411056518555
14 20 2.0570085048675537
14 21 2.10154128074646
14 22 1.9963445663452148
14 23 2.1925055980682373
14 24 2.083404064178467
14 25 2.0742058753967285
14 26 2.146738052368164
14 27 2.0958189964294434
14 28 2.2817811965942383
14 29 2.0875096321105957
14 30 2.046211004257202
14 31 2.1449193954467773
14 32 1.930465579032898
14 33 2.2990880012512207
14 34 2.3863284587860107
14 35 2.4020378589630127
14 36 2.092142105102539
14 37 2.2006759643554688
14 38 2.1044743061065674
14 39 1.982748031616211
14 40 2.153254985809326
14 41 2.172806978225708
14 42 2.1232428550720215
14 43 2.074895143508911
14 44 2.0780909061431885
14 45 2.0233633518218994
14 46 2.030944585800171
14 47 2.2762904167175293
14 48 2.2929463386535645
14 49 2.0071523189544678
14 50 2.1960878372192383
14 51 2.300673007965088
14 52 2.3584933280944824
14 53 2.081214666366577
14 54 2.2516210079193115
14 55 2.3784282207489014
14 56 2.114635705947876
14 57 2.124967336654663
14 58 2.2832610607147217
14 59 2.0696351528167725
14 60 2.0611274242401123
14 61 2.135875940322876
14 62 2.179682493209839
14 63 2.2251453399658203
14 64 2.0285329818725586
14 65 2.08925724029541
14 66 2.0684280395507812
14 67 2.1065964698791504
14 68 2.069824695587158
14 69 2.101855516433716
14 70 2.050539016723633
14 71 2.349745988845825
14 72 2.056508779525757
14 73 2.055147886276245
14 74 2.0529208183288574
14 75 2.0281434059143066
14 76 2.1449954509735107
14 77 2.1754627227783203
14 78 2.096412181854248
14 79 2.0927798748016357
14 80 2.0836997032165527
14 81 2.200474262237549
14 82 2.2642505168914795
14 83 2.066197633743286
14 84 2.026521682739258
14 85 2.0002527236938477
14 86 1.9966624975204468
14 87 2.3155503273010254
14 88 2.355041980743408
14 89 2.11276912689209
14 90 2.055729389190674
14 91 2.0639281272888184
14 92 2.1080479621887207
14 93 2.0750503540039062
14 94 2.225102663040161
14 95 2.0812160968780518
14 96 2.0511391162872314
14 97 2.1738381385803223
14 98 2.2026522159576416
14 99 2.2027900218963623
14 100 2.318263053894043
14 101 2.1362390518188477
14 102 2.280446767807007
14 103 2.111478567123413
14 104 2.051959753036499
14 105 2.190286874771118
14 106 2.196800470352173
14 107 2.088674783706665
14 108 2.0933480262756348
14 109 2.101612091064453
14 110 2.283802032470703
14 111 2.0476231575012207
14 112 2.102699041366577
14 113 2.087941884994507
14 114 2.033538341522217
14 115 2.1156811714172363
14 116 2.050601005554199
14 117 2.0763099193573
14 118 2.2761881351470947
14 119 2.1778485774993896
14 120 2.135542631149292
14 121 2.165287971496582
14 122 2.244248867034912
14 123 2.065624713897705
14 124 2.252678394317627
14 125 2.156604528427124
14 126 2.1948189735412598
14 127 2.240975856781006
14 128 2.1877429485321045
14 129 2.1574809551239014
14 130 2.0623350143432617
14 131 2.2504727840423584
14 132 2.0081381797790527
14 133 2.226663827896118
14 134 2.2116074562072754
14 135 2.030791997909546
14 136 2.269559383392334
14 137 2.265972137451172
14 138 2.239779472351074
14 139 2.1623218059539795
14 140 1.7617442607879639
14 141 2.159766674041748
14 142 2.198385000228882
14 143 2.2826786041259766
14 144 2.036813497543335
14 145 2.1489474773406982
14 146 2.045559883117676
14 147 2.040377378463745
14 148 1.9097625017166138
14 149 2.0753014087677
14 150 2.038640022277832
14 151 2.2243075370788574
14 152 2.054029703140259
14 153 2.1502573490142822
14 154 2.316643714904785
14 155 1.9659327268600464
14 156 2.1825332641601562
14 157 2.0346219539642334
14 158 2.2571768760681152
14 159 2.112117290496826
14 160 2.113483428955078
14 161 2.0930123329162598
14 162 2.245175838470459
14 163 2.0553011894226074
14 164 2.021191358566284
14 165 2.0974395275115967
14 166 2.2165117263793945
14 167 2.144223928451538
14 168 2.0684242248535156
14 169 2.0778732299804688
14 170 2.0869245529174805
14 171 1.992378830909729
14 172 2.4158830642700195
14 173 2.1586809158325195
14 174 2.078000545501709
14 175 2.0160770416259766
14 176 2.2839324474334717
14 177 1.9566097259521484
14 178 2.1511752605438232
14 179 1.9529938697814941
14 180 1.9452401399612427
14 181 2.129227876663208
14 182 2.0660743713378906
14 183 2.1265389919281006
14 184 2.0606353282928467
14 185 2.2068963050842285
14 186 2.0091075897216797
14 187 2.386641502380371
14 188 2.2518937587738037
14 189 2.2853505611419678
14 190 2.113358497619629
14 191 2.1657330989837646
14 192 2.1513161659240723
14 193 2.144170045852661
14 194 1.910582184791565
14 195 2.130612850189209
15 0 1.9828975200653076
15 1 2.177997350692749
15 2 2.162264823913574
15 3 2.1158180236816406
15 4 2.012760639190674
15 5 2.0373005867004395
15 6 2.0388622283935547
15 7 2.144568920135498
15 8 1.871826410293579
15 9 2.0069241523742676
15 10 2.139612913131714
15 11 2.0386030673980713
15 12 1.9692803621292114
15 13 1.845990777015686
15 14 2.1595873832702637
15 15 2.1318471431732178
15 16 1.9429879188537598
15 17 1.9130682945251465
15 18 2.0796501636505127
15 19 2.1283700466156006
15 20 2.0257139205932617
15 21 1.9990476369857788
15 22 1.980167269706726
15 23 1.9140448570251465
15 24 1.9768587350845337
15 25 2.1253178119659424
15 26 2.0234615802764893
15 27 1.8019297122955322
15 28 1.922662615776062
15 29 2.0609495639801025
15 30 1.8975087404251099
15 31 2.0120701789855957
15 32 2.0460667610168457
15 33 1.9208976030349731
15 34 1.9070343971252441
15 35 1.9876834154129028
15 36 2.1490485668182373
15 37 2.0599007606506348
15 38 2.277731418609619
15 39 1.982075810432434
15 40 1.9684092998504639
15 41 2.03153920173645
15 42 2.0857176780700684
15 43 2.0569915771484375
15 44 2.122201919555664
15 45 2.1334028244018555
15 46 2.2235138416290283
15 47 2.0145263671875
15 48 2.1513864994049072
15 49 2.1267354488372803
15 50 2.0643723011016846
15 51 2.181309223175049
15 52 2.0932812690734863
15 53 1.971164584159851
15 54 1.9974175691604614
15 55 2.077056884765625
15 56 2.0066487789154053
15 57 2.036611795425415
15 58 1.9320979118347168
15 59 2.100283622741699
15 60 2.107363224029541
15 61 2.1238815784454346
15 62 1.9443964958190918
15 63 1.9138906002044678
15 64 2.1072192192077637
15 65 2.0594563484191895
15 66 2.143307685852051
15 67 2.0402872562408447
15 68 2.103394031524658
15 69 2.1047425270080566
15 70 2.1449525356292725
15 71 2.1317219734191895
15 72 2.0029070377349854
15 73 1.9627171754837036
15 74 2.0484416484832764
15 75 2.034237861633301
15 76 2.101498603820801
15 77 2.028271198272705
15 78 2.1862547397613525
15 79 2.103205919265747
15 80 2.0795505046844482
15 81 1.9741065502166748
15 82 1.8774288892745972
15 83 2.2070727348327637
15 84 2.0601108074188232
15 85 2.2546496391296387
15 86 2.1179075241088867
15 87 2.0255379676818848
15 88 1.9223765134811401
15 89 1.9811525344848633
15 90 2.1468403339385986
15 91 2.053422451019287
15 92 2.202591896057129
15 93 2.2471110820770264
15 94 2.101994037628174
15 95 1.9776601791381836
15 96 2.1490445137023926
15 97 2.133176326751709
15 98 1.9974104166030884
15 99 1.9529478549957275
15 100 2.091827869415283
15 101 1.9725687503814697
15 102 2.085902690887451
15 103 2.065487861633301
15 104 2.205380439758301
15 105 2.110149621963501
15 106 2.074122190475464
15 107 2.0241191387176514
15 108 1.9555445909500122
15 109 1.8663983345031738
15 110 2.021454095840454
15 111 2.0959880352020264
15 112 2.0387258529663086
15 113 2.076535940170288
15 114 2.018643856048584
15 115 2.116425037384033
15 116 2.0330536365509033
15 117 2.1271040439605713
15 118 2.0101852416992188
15 119 2.014181137084961
15 120 1.7105371952056885
15 121 2.0373544692993164
15 122 1.9893827438354492
15 123 1.806135892868042
15 124 2.2916951179504395
15 125 2.1685845851898193
15 126 1.926316499710083
15 127 2.1362996101379395
15 128 1.9143379926681519
15 129 2.0672078132629395
15 130 1.8953121900558472
15 131 1.9933983087539673
15 132 2.185115337371826
15 133 1.9455952644348145
15 134 2.3239920139312744
15 135 1.8826295137405396
15 136 2.212325096130371
15 137 2.133652687072754
15 138 2.344912052154541
15 139 2.1868767738342285
15 140 2.077620506286621
15 141 1.9390971660614014
15 142 1.9030364751815796
15 143 2.160266876220703
15 144 2.1842894554138184
15 145 2.0656349658966064
15 146 1.8826490640640259
15 147 2.0444204807281494
15 148 2.0568416118621826
15 149 2.051323890686035
15 150 1.8984739780426025
15 151 2.0431056022644043
15 152 2.0516068935394287
15 153 1.9556796550750732
15 154 1.9997776746749878
15 155 1.908433437347412
15 156 2.1797595024108887
15 157 2.062516689300537
15 158 2.0382208824157715
15 159 2.1048481464385986
15 160 1.9254202842712402
15 161 2.041060447692871
15 162 2.2494304180145264
15 163 2.2020366191864014
15 164 1.982863187789917
15 165 1.966744303703308
15 166 2.0181643962860107
15 167 1.9899883270263672
15 168 2.098484992980957
15 169 1.8532257080078125
15 170 2.165342330932617
15 171 2.130009889602661
15 172 2.0038514137268066
15 173 2.0193235874176025
15 174 1.9307087659835815
15 175 1.9235233068466187
15 176 2.0764050483703613
15 177 2.024132251739502
15 178 1.9258272647857666
15 179 1.9210340976715088
15 180 2.0147314071655273
15 181 2.1526005268096924
15 182 1.8802194595336914
15 183 2.1870009899139404
15 184 2.0375494956970215
15 185 1.879967212677002
15 186 2.261302947998047
15 187 1.912284016609192
15 188 2.124854803085327
15 189 2.090365409851074
15 190 1.9316679239273071
15 191 2.195420503616333
15 192 2.2645111083984375
15 193 1.9343503713607788
15 194 2.05863094329834
15 195 2.2354843616485596
16 0 2.0524189472198486
16 1 1.9785975217819214
16 2 2.166534662246704
16 3 2.090686321258545
16 4 1.9212372303009033
16 5 2.1273765563964844
16 6 1.9041385650634766
16 7 2.0627400875091553
16 8 1.7894337177276611
16 9 2.0764126777648926
16 10 2.0147759914398193
16 11 2.017472743988037
16 12 2.1661996841430664
16 13 1.9234800338745117
16 14 2.1375820636749268
16 15 2.015671730041504
16 16 1.9192187786102295
16 17 1.9922136068344116
16 18 1.8954458236694336
16 19 1.9105236530303955
16 20 1.857111930847168
16 21 2.3109045028686523
16 22 2.1573190689086914
16 23 1.8808999061584473
16 24 1.9966069459915161
16 25 1.9527252912521362
16 26 1.8619110584259033
16 27 2.055396795272827
16 28 1.8264023065567017
16 29 2.0903306007385254
16 30 2.086784601211548
16 31 1.8935043811798096
16 32 2.1265947818756104
16 33 1.937078833580017
16 34 1.9571969509124756
16 35 1.9870012998580933
16 36 2.1908156871795654
16 37 2.000783920288086
16 38 1.851662039756775
16 39 1.9050061702728271
16 40 2.081972122192383
16 41 1.9927314519882202
16 42 1.9394888877868652
16 43 2.0055510997772217
16 44 1.9084733724594116
16 45 2.0620181560516357
16 46 2.062372922897339
16 47 1.875851035118103
16 48 2.0606911182403564
16 49 2.053082227706909
16 50 1.9098601341247559
16 51 2.076359748840332
16 52 1.9622135162353516
16 53 1.9223535060882568
16 54 2.090663433074951
16 55 2.015582799911499
16 56 2.1496622562408447
16 57 1.9306626319885254
16 58 1.751272201538086
16 59 1.7852073907852173
16 60 1.9616918563842773
16 61 1.9805245399475098
16 62 2.0036518573760986
16 63 1.884586215019226
16 64 1.8827826976776123
16 65 2.00862455368042
16 66 1.9106981754302979
16 67 1.850533127784729
16 68 1.93442702293396
16 69 1.9471256732940674
16 70 1.8664859533309937
16 71 1.8115644454956055
16 72 2.1429548263549805
16 73 2.227696657180786
16 74 1.9606893062591553
16 75 1.8416589498519897
16 76 1.8922765254974365
16 77 1.9168263673782349
16 78 1.888929843902588
16 79 1.7616926431655884
16 80 2.1203644275665283
16 81 2.0351171493530273
16 82 1.988816738128662
16 83 2.047044515609741
16 84 2.070863962173462
16 85 2.0362887382507324
16 86 1.9208486080169678
16 87 1.811594009399414
16 88 1.9287230968475342
16 89 1.9132717847824097
16 90 2.0060853958129883
16 91 2.0629444122314453
16 92 1.7332408428192139
16 93 2.156982660293579
16 94 2.0434770584106445
16 95 2.1459543704986572
16 96 1.855202078819275
16 97 2.0486650466918945
16 98 1.9688048362731934
16 99 2.0189478397369385
16 100 2.066404342651367
16 101 1.855987310409546
16 102 2.037018299102783
16 103 1.9444698095321655
16 104 1.8325445652008057
16 105 1.878514289855957
16 106 1.9098565578460693
16 107 1.9776301383972168
16 108 2.0558838844299316
16 109 1.9879196882247925
16 110 1.9767683744430542
16 111 2.1123528480529785
16 112 2.0298733711242676
16 113 2.006422281265259
16 114 1.8567204475402832
16 115 2.102726936340332
16 116 2.1335082054138184
16 117 2.0066771507263184
16 118 1.8888306617736816
16 119 1.999558448791504
16 120 1.947970986366272
16 121 1.8818062543869019
16 122 1.8724911212921143
16 123 2.0440471172332764
16 124 2.213650941848755
16 125 2.0655038356781006
16 126 2.0032880306243896
16 127 1.9858951568603516
16 128 1.8349158763885498
16 129 2.1816935539245605
16 130 1.9008638858795166
16 131 1.9194577932357788
16 132 1.9868603944778442
16 133 1.8878998756408691
16 134 2.098184108734131
16 135 2.009159803390503
16 136 2.1421549320220947
16 137 2.049184560775757
16 138 1.7901277542114258
16 139 2.1086111068725586
16 140 1.9751904010772705
16 141 2.2271456718444824
16 142 2.023524045944214
16 143 2.0550951957702637
16 144 1.941523790359497
16 145 1.8604729175567627
16 146 1.933453917503357
16 147 2.1067376136779785
16 148 2.0715560913085938
16 149 1.984876036643982
16 150 1.8338743448257446
16 151 2.0625181198120117
16 152 1.86748468875885
16 153 1.9378031492233276
16 154 2.0534634590148926
16 155 2.0701797008514404
16 156 1.8360157012939453
16 157 2.0942723751068115
16 158 1.961402177810669
16 159 1.9008866548538208
16 160 2.102015256881714
16 161 2.06671142578125
16 162 1.9789100885391235
16 163 2.1191020011901855
16 164 1.8900854587554932
16 165 1.9735198020935059
16 166 2.131269693374634
16 167 1.9843904972076416
16 168 2.017167806625366
16 169 2.0368547439575195
16 170 1.9026107788085938
16 171 2.0284550189971924
16 172 2.040044069290161
16 173 2.024341583251953
16 174 1.8501967191696167
16 175 2.0612006187438965
16 176 1.9860376119613647
16 177 1.953587532043457
16 178 2.1206061840057373
16 179 1.8071585893630981
16 180 1.9623498916625977
16 181 2.0855319499969482
16 182 2.1355535984039307
16 183 1.8966889381408691
16 184 2.1048240661621094
16 185 2.0751290321350098
16 186 2.050382375717163
16 187 1.8599860668182373
16 188 2.0012917518615723
16 189 2.024136781692505
16 190 1.9283524751663208
16 191 2.0381414890289307
16 192 2.0496227741241455
16 193 1.8908190727233887
16 194 1.7770336866378784
16 195 2.082988739013672
17 0 1.9238473176956177
17 1 1.8221282958984375
17 2 1.9240325689315796
17 3 1.936775803565979
17 4 1.8712105751037598
17 5 1.6794642210006714
17 6 2.05538010597229
17 7 1.8942415714263916
17 8 1.9713283777236938
17 9 2.020418882369995
17 10 1.903978705406189
17 11 1.835182547569275
17 12 1.9519946575164795
17 13 1.8525638580322266
17 14 1.7184709310531616
17 15 1.883984088897705
17 16 1.9405651092529297
17 17 1.989287257194519
17 18 1.9159051179885864
17 19 1.8806769847869873
17 20 1.9438751935958862
17 21 1.8555197715759277
17 22 1.7339760065078735
17 23 1.9514892101287842
17 24 1.9595332145690918
17 25 1.957391381263733
17 26 2.0137739181518555
17 27 1.9419620037078857
17 28 2.1077797412872314
17 29 1.9795210361480713
17 30 1.881504774093628
17 31 1.802606225013733
17 32 2.060119867324829
17 33 1.8331282138824463
17 34 1.984657645225525
17 35 1.929658055305481
17 36 1.9333021640777588
17 37 1.8960168361663818
17 38 2.0726795196533203
17 39 1.978975772857666
17 40 2.0123472213745117
17 41 1.9486823081970215
17 42 1.9441701173782349
17 43 2.056519031524658
17 44 2.145238161087036
17 45 2.0534067153930664
17 46 1.9266724586486816
17 47 2.074434757232666
17 48 1.8000788688659668
17 49 1.8000999689102173
17 50 2.033146858215332
17 51 1.914171814918518
17 52 1.989380955696106
17 53 1.9070125818252563
17 54 1.797572374343872
17 55 1.9007539749145508
17 56 1.8714938163757324
17 57 1.7989057302474976
17 58 2.051109552383423
17 59 1.9367575645446777
17 60 1.9672428369522095
17 61 2.169182062149048
17 62 2.0672571659088135
17 63 2.131441116333008
17 64 2.000120162963867
17 65 2.006800413131714
17 66 2.1101856231689453
17 67 1.886162519454956
17 68 1.9760539531707764
17 69 1.845597743988037
17 70 1.897881031036377
17 71 2.058746099472046
17 72 2.0643393993377686
17 73 1.8978662490844727
17 74 1.8606737852096558
17 75 1.8236494064331055
17 76 2.020796298980713
17 77 2.061286449432373
17 78 1.9087412357330322
17 79 2.0380492210388184
17 80 1.8917200565338135
17 81 1.9708188772201538
17 82 1.8126534223556519
17 83 1.8751591444015503
17 84 1.9708516597747803
17 85 1.9462213516235352
17 86 1.8524823188781738
17 87 1.9220633506774902
17 88 1.8042972087860107
17 89 1.9010206460952759
17 90 2.0691041946411133
17 91 2.057853937149048
17 92 1.9475512504577637
17 93 1.9263125658035278
17 94 1.7881882190704346
17 95 1.9898203611373901
17 96 2.053349494934082
17 97 2.1373302936553955
17 98 2.0176401138305664
17 99 2.0678906440734863
17 100 1.9313462972640991
17 101 1.9179836511611938
17 102 1.9645291566848755
17 103 1.9461463689804077
17 104 1.8955165147781372
17 105 1.7919740676879883
17 106 1.9786943197250366
17 107 1.9638946056365967
17 108 2.0645697116851807
17 109 1.7610162496566772
17 110 1.910414218902588
17 111 1.8873281478881836
17 112 1.827361822128296
17 113 1.8950458765029907
17 114 1.885939598083496
17 115 1.9393378496170044
17 116 1.8645027875900269
17 117 2.0719995498657227
17 118 1.9531177282333374
17 119 2.031154155731201
17 120 1.9577544927597046
17 121 2.092041254043579
17 122 2.0253796577453613
17 123 2.1672747135162354
17 124 2.064436674118042
17 125 1.96539306640625
17 126 1.944202184677124
17 127 1.9999072551727295
17 128 2.0875344276428223
17 129 1.9184396266937256
17 130 1.954087495803833
17 131 1.9822030067443848
17 132 2.1504693031311035
17 133 1.8926093578338623
17 134 1.9599504470825195
17 135 1.9152450561523438
17 136 2.2701094150543213
17 137 2.016119956970215
17 138 1.8862721920013428
17 139 1.9969651699066162
17 140 2.1872804164886475
17 141 2.0052692890167236
17 142 1.933794379234314
17 143 1.836199402809143
17 144 1.8585056066513062
17 145 2.014134407043457
17 146 1.889053463935852
17 147 1.8805307149887085
17 148 1.8527579307556152
17 149 1.894186019897461
17 150 2.0004844665527344
17 151 2.0504567623138428
17 152 1.9237054586410522
17 153 2.053758382797241
17 154 1.869983434677124
17 155 1.868003487586975
17 156 2.029176950454712
17 157 2.042210817337036
17 158 2.029536247253418
17 159 1.8123599290847778
17 160 1.9695074558258057
17 161 2.006744623184204
17 162 1.8582098484039307
17 163 1.7572039365768433
17 164 2.087960720062256
17 165 1.7545814514160156
17 166 1.9944757223129272
17 167 2.055798292160034
17 168 2.10968017578125
17 169 1.8199399709701538
17 170 1.9642770290374756
17 171 2.175428628921509
17 172 1.9821290969848633
17 173 1.9257410764694214
17 174 1.9679932594299316
17 175 1.917615294456482
17 176 1.9360144138336182
17 177 1.9779396057128906
17 178 1.8854193687438965
17 179 2.065885066986084
17 180 1.896593689918518
17 181 2.021772861480713
17 182 2.093543767929077
17 183 2.003909111022949
17 184 1.8706985712051392
17 185 1.9700134992599487
17 186 2.054689884185791
17 187 2.1389360427856445
17 188 2.042541742324829
17 189 1.9045588970184326
17 190 1.9859294891357422
17 191 1.9152491092681885
17 192 1.9818403720855713
17 193 1.9291564226150513
17 194 1.971078634262085
17 195 2.007690906524658
18 0 1.7889231443405151
18 1 1.8820468187332153
18 2 1.9467744827270508
18 3 2.0419633388519287
18 4 1.7602412700653076
18 5 2.123579502105713
18 6 1.9963265657424927
18 7 1.8655208349227905
18 8 2.0374093055725098
18 9 1.875353217124939
18 10 1.859987735748291
18 11 1.863024353981018
18 12 1.9057435989379883
18 13 1.8757842779159546
18 14 1.8274520635604858
18 15 1.9772266149520874
18 16 2.0349273681640625
18 17 1.9230191707611084
18 18 1.8551366329193115
18 19 1.802946925163269
18 20 1.7960010766983032
18 21 1.9292194843292236
18 22 1.943838119506836
18 23 1.6743700504302979
18 24 1.9664281606674194
18 25 1.732816219329834
18 26 1.83030366897583
18 27 1.7161256074905396
18 28 1.8664681911468506
18 29 1.8002208471298218
18 30 1.7886359691619873
18 31 1.89951753616333
18 32 1.867814064025879
18 33 1.8676737546920776
18 34 1.9445935487747192
18 35 1.8367232084274292
18 36 1.8555994033813477
18 37 1.786068081855774
18 38 1.8220378160476685
18 39 1.8775814771652222
18 40 1.848903775215149
18 41 1.6463310718536377
18 42 1.8585033416748047
18 43 2.009040117263794
18 44 1.7471837997436523
18 45 1.8000646829605103
18 46 1.8046168088912964
18 47 1.9947218894958496
18 48 1.7804371118545532
18 49 1.690522313117981
18 50 1.8864562511444092
18 51 1.8281923532485962
18 52 1.8919395208358765
18 53 2.0415525436401367
18 54 1.9610501527786255
18 55 1.9578638076782227
18 56 1.8021496534347534
18 57 1.887527585029602
18 58 1.7437400817871094
18 59 1.8993988037109375
18 60 1.918182134628296
18 61 1.822843074798584
18 62 1.7094852924346924
18 63 1.9585336446762085
18 64 1.8680473566055298
18 65 1.834530234336853
18 66 1.5854225158691406
18 67 1.845028281211853
18 68 1.822883129119873
18 69 1.8726738691329956
18 70 2.0627005100250244
18 71 1.895546317100525
18 72 1.852553367614746
18 73 1.8179683685302734
18 74 2.0981569290161133
18 75 1.925180196762085
18 76 1.9653640985488892
18 77 1.7595841884613037
18 78 1.9640178680419922
18 79 1.7920862436294556
18 80 1.8122625350952148
18 81 1.9885339736938477
18 82 2.052877902984619
18 83 1.7768831253051758
18 84 1.797651767730713
18 85 1.9911569356918335
18 86 2.0144917964935303
18 87 1.9569907188415527
18 88 1.8528095483779907
18 89 1.776926875114441
18 90 1.7299021482467651
18 91 1.588876724243164
18 92 1.798067331314087
18 93 1.8913265466690063
18 94 1.9257590770721436
18 95 1.8315509557724
18 96 1.8345292806625366
18 97 1.9422836303710938
18 98 1.938022255897522
18 99 2.0034902095794678
18 100 1.7178434133529663
18 101 2.0176777839660645
18 102 2.025907278060913
18 103 1.9836504459381104
18 104 1.7832701206207275
18 105 1.8814324140548706
18 106 1.726609468460083
18 107 1.7911783456802368
18 108 1.8672337532043457
18 109 1.9414737224578857
18 110 1.9094929695129395
18 111 2.2253878116607666
18 112 1.806567668914795
18 113 2.060293436050415
18 114 1.9825639724731445
18 115 1.9008386135101318
18 116 1.9585204124450684
18 117 1.9176417589187622
18 118 1.9212017059326172
18 119 2.0509023666381836
18 120 1.8847109079360962
18 121 2.0318009853363037
18 122 1.8096296787261963
18 123 1.9759809970855713
18 124 1.9656963348388672
18 125 1.7582569122314453
18 126 1.926483392715454
18 127 1.83656644821167
18 128 1.958250880241394
18 129 1.851137638092041
18 130 2.030400514602661
18 131 2.0055627822875977
18 132 1.8627805709838867
18 133 2.0010673999786377
18 134 1.9658564329147339
18 135 1.69831120967865
18 136 2.041548728942871
18 137 2.015641212463379
18 138 1.8975307941436768
18 139 1.9654332399368286
18 140 1.769485592842102
18 141 1.850637435913086
18 142 2.0473358631134033
18 143 1.9516876935958862
18 144 1.7293064594268799
18 145 1.8813555240631104
18 146 1.736391305923462
18 147 1.9192430973052979
18 148 1.9282004833221436
18 149 1.816601037979126
18 150 1.8817862272262573
18 151 1.7738871574401855
18 152 1.6740633249282837
18 153 1.854975938796997
18 154 1.8874207735061646
18 155 1.8271057605743408
18 156 2.0961806774139404
18 157 1.8560113906860352
18 158 1.8250542879104614
18 159 1.8961691856384277
18 160 2.087214708328247
18 161 2.0717782974243164
18 162 1.8159420490264893
18 163 1.8589627742767334
18 164 2.0185670852661133
18 165 1.9791507720947266
18 166 1.7715630531311035
18 167 1.7827411890029907
18 168 1.9571369886398315
18 169 1.7839407920837402
18 170 1.9963178634643555
18 171 1.9550747871398926
18 172 1.9139539003372192
18 173 1.956659197807312
18 174 1.8065643310546875
18 175 1.8097189664840698
18 176 1.9443981647491455
18 177 2.0397684574127197
18 178 2.0573785305023193
18 179 1.852828025817871
18 180 1.806028127670288
18 181 1.7671314477920532
18 182 1.915849208831787
18 183 1.8389873504638672
18 184 2.0233097076416016
18 185 1.9968788623809814
18 186 1.942650556564331
18 187 1.9766768217086792
18 188 2.055159330368042
18 189 1.9948248863220215
18 190 1.9385216236114502
18 191 1.74045991897583
18 192 1.7095365524291992
18 193 1.8766752481460571
18 194 1.808090090751648
18 195 2.0303962230682373
19 0 1.854487419128418
19 1 1.7222168445587158
19 2 1.840551733970642
19 3 1.9021410942077637
19 4 1.8270690441131592
19 5 1.8129464387893677
19 6 1.7359908819198608
19 7 1.6760963201522827
19 8 1.9364262819290161
19 9 1.9003795385360718
19 10 1.7895114421844482
19 11 2.0144243240356445
19 12 2.0682215690612793
19 13 1.8460431098937988
19 14 2.0232176780700684
19 15 1.9215385913848877
19 16 1.5838011503219604
19 17 1.8924810886383057
19 18 2.0310940742492676
19 19 1.8521963357925415
19 20 1.7601271867752075
19 21 1.8594920635223389
19 22 1.6853901147842407
19 23 1.7109004259109497
19 24 1.6985547542572021
19 25 1.8140678405761719
19 26 1.7675098180770874
19 27 1.66016685962677
19 28 1.8453714847564697
19 29 1.7287322282791138
19 30 1.87138831615448
19 31 1.9683722257614136
19 32 1.8342963457107544
19 33 1.626847505569458
19 34 1.9148155450820923
19 35 1.8642845153808594
19 36 1.8317540884017944
19 37 1.7751555442810059
19 38 1.9996089935302734
19 39 1.7909830808639526
19 40 1.8086589574813843
19 41 1.9273815155029297
19 42 1.733564853668213
19 43 1.7082009315490723
19 44 1.9409183263778687
19 45 1.8862587213516235
19 46 1.767346978187561
19 47 1.8630151748657227
19 48 1.881820559501648
19 49 1.8631173372268677
19 50 1.7887203693389893
19 51 1.7195924520492554
19 52 1.8153091669082642
19 53 2.079926013946533
19 54 1.9971362352371216
19 55 1.7995601892471313
19 56 1.8280997276306152
19 57 1.872564673423767
19 58 2.080444812774658
19 59 1.8573096990585327
19 60 1.8865160942077637
19 61 1.9170700311660767
19 62 1.709575891494751
19 63 1.8192335367202759
19 64 1.8546680212020874
19 65 1.9089572429656982
19 66 1.8990190029144287
19 67 1.700177788734436
19 68 1.805580496788025
19 69 1.821748971939087
19 70 1.8619126081466675
19 71 1.7436312437057495
19 72 1.770958423614502
19 73 1.7362022399902344
19 74 1.9086090326309204
19 75 1.8647313117980957
19 76 1.7714756727218628
19 77 1.8685328960418701
19 78 1.799999475479126
19 79 1.758148193359375
19 80 2.1863205432891846
19 81 1.7848658561706543
19 82 1.7409018278121948
19 83 1.6397367715835571
19 84 1.9629175662994385
19 85 1.7840408086776733
19 86 1.8889994621276855
19 87 1.8001956939697266
19 88 1.8800935745239258
19 89 1.7957684993743896
19 90 1.9248571395874023
19 91 1.7772040367126465
19 92 1.8690900802612305
19 93 1.692229151725769
19 94 1.8168846368789673
19 95 1.8534237146377563
19 96 1.7002265453338623
19 97 1.6311802864074707
19 98 1.8442472219467163
19 99 1.752763032913208
19 100 1.667528748512268
19 101 1.912837266921997
19 102 1.8596638441085815
19 103 1.8898026943206787
19 104 1.971480131149292
19 105 1.8642754554748535
19 106 1.8933112621307373
19 107 1.6727533340454102
19 108 1.629267930984497
19 109 1.9161736965179443
19 110 1.8838139772415161
19 111 1.9147392511367798
19 112 1.8876545429229736
19 113 1.758773684501648
19 114 1.8084478378295898
19 115 1.8150142431259155
19 116 1.7933175563812256
19 117 1.7595243453979492
19 118 1.8209593296051025
19 119 1.740738034248352
19 120 2.012547016143799
19 121 1.7263771295547485
19 122 1.956010103225708
19 123 1.9000532627105713
19 124 2.0618948936462402
19 125 1.8807764053344727
19 126 1.9096601009368896
19 127 1.7939189672470093
19 128 1.9912223815917969
19 129 1.819481372833252
19 130 1.8780494928359985
19 131 1.7979936599731445
19 132 1.6637165546417236
19 133 1.863208532333374
19 134 1.8582738637924194
19 135 1.7476415634155273
19 136 1.7038311958312988
19 137 1.747992753982544
19 138 2.040238857269287
19 139 1.8237446546554565
19 140 1.9113571643829346
19 141 1.6602157354354858
19 142 1.8141778707504272
19 143 1.851923942565918
19 144 1.8361637592315674
19 145 1.7982544898986816
19 146 1.8503109216690063
19 147 1.8461860418319702
19 148 1.7944636344909668
19 149 1.7678227424621582
19 150 1.8192002773284912
19 151 1.971461296081543
19 152 1.8388115167617798
19 153 1.8259713649749756
19 154 1.6805542707443237
19 155 1.9527587890625
19 156 1.8579432964324951
19 157 1.904255986213684
19 158 1.9023363590240479
19 159 1.7803800106048584
19 160 1.8625704050064087
19 161 1.8334355354309082
19 162 1.7508485317230225
19 163 1.8478347063064575
19 164 1.8314129114151
19 165 1.9924542903900146
19 166 1.7318544387817383
19 167 2.112373113632202
19 168 1.7040328979492188
19 169 1.8794550895690918
19 170 1.8857747316360474
19 171 1.718334674835205
19 172 1.912521481513977
19 173 1.7616921663284302
19 174 1.7657815217971802
19 175 1.841655969619751
19 176 1.8247052431106567
19 177 1.9579932689666748
19 178 1.922868251800537
19 179 1.7629433870315552
19 180 1.9286786317825317
19 181 1.8152717351913452
19 182 1.8247721195220947
19 183 1.9592126607894897
19 184 1.8097517490386963
19 185 1.765670895576477
19 186 1.8013300895690918
19 187 2.002765417098999
19 188 1.8489396572113037
19 189 1.6943176984786987
19 190 1.7359052896499634
19 191 1.8068698644638062
19 192 1.834272027015686
19 193 1.8868670463562012
19 194 1.8990075588226318
19 195 2.1083664894104004
